2018/10/17 13:48:11 [/eccube-2.12.6/html/admin/index.php] access error. from ::1
2018/10/17 13:48:11 [/eccube-2.12.6/html/admin/index.php] login: user=truongatv(2) auth=0 lastlogin= sid= from ::1
2018/10/17 13:48:11 [/eccube-2.12.6/html/admin/home.php] access : user=truongatv auth=0 sid=08f41b79ead6f1f9f5d161b0d4c41298 from ::1
2018/10/17 13:52:51 [/eccube-2.12.6/html/admin/products/index.php] access : user=truongatv auth=0 sid=08f41b79ead6f1f9f5d161b0d4c41298 from ::1
2018/10/17 13:52:57 [/eccube-2.12.6/html/admin/products/product.php] access : user=truongatv auth=0 sid=08f41b79ead6f1f9f5d161b0d4c41298 from ::1
2018/10/17 13:54:18 [/eccube-2.12.6/html/admin/products/class.php] access : user=truongatv auth=0 sid=08f41b79ead6f1f9f5d161b0d4c41298 from ::1
2018/10/17 13:54:21 [/eccube-2.12.6/html/admin/products/category.php] access : user=truongatv auth=0 sid=08f41b79ead6f1f9f5d161b0d4c41298 from ::1
2018/10/17 13:54:27 [/eccube-2.12.6/html/admin/products/category.php] access : user=truongatv auth=0 sid=08f41b79ead6f1f9f5d161b0d4c41298 from ::1
2018/10/17 13:54:30 [/eccube-2.12.6/html/admin/products/product.php] access : user=truongatv auth=0 sid=08f41b79ead6f1f9f5d161b0d4c41298 from ::1
2018/10/17 13:56:57 [/eccube-2.12.6/html/admin/products/product.php] access : user=truongatv auth=0 sid=08f41b79ead6f1f9f5d161b0d4c41298 from ::1
2018/10/17 13:57:18 [/eccube-2.12.6/html/admin/products/product.php] access : user=truongatv auth=0 sid=08f41b79ead6f1f9f5d161b0d4c41298 from ::1
2018/10/17 13:57:18 [/eccube-2.12.6/html/admin/products/product.php] 1 -> /Applications/MAMP/htdocs/eccube-2.12.6/html/../data/download/temp/10171357_5bc6c12e258cc.jpg from ::1
2018/10/17 13:57:27 [/eccube-2.12.6/html/admin/products/product.php] access : user=truongatv auth=0 sid=08f41b79ead6f1f9f5d161b0d4c41298 from ::1
2018/10/17 13:57:27 [/eccube-2.12.6/html/admin/products/product.php] 1 -> /Applications/MAMP/htdocs/eccube-2.12.6/html/../data/download/temp/10171357_5bc6c137ac634.jpg from ::1
2018/10/17 13:57:33 [/eccube-2.12.6/html/admin/products/product.php] access : user=truongatv auth=0 sid=08f41b79ead6f1f9f5d161b0d4c41298 from ::1
2018/10/17 13:57:33 [/eccube-2.12.6/html/admin/products/product.php] 1 -> /Applications/MAMP/htdocs/eccube-2.12.6/html/../data/download/temp/10171357_5bc6c13d28ec2.jpg from ::1
2018/10/17 13:59:31 [/eccube-2.12.6/html/admin/products/product.php] access : user=truongatv auth=0 sid=08f41b79ead6f1f9f5d161b0d4c41298 from ::1
2018/10/17 13:59:37 [/eccube-2.12.6/html/admin/products/product.php] access : user=truongatv auth=0 sid=08f41b79ead6f1f9f5d161b0d4c41298 from ::1
2018/10/17 13:59:43 [/eccube-2.12.6/html/admin/products/product.php] access : user=truongatv auth=0 sid=08f41b79ead6f1f9f5d161b0d4c41298 from ::1
2018/10/17 13:59:50 [/eccube-2.12.6/html/admin/products/product.php] access : user=truongatv auth=0 sid=08f41b79ead6f1f9f5d161b0d4c41298 from ::1
2018/10/17 13:59:54 [/eccube-2.12.6/html/admin/products/product.php] access : user=truongatv auth=0 sid=08f41b79ead6f1f9f5d161b0d4c41298 from ::1
2018/10/17 14:00:19 [/eccube-2.12.6/html/admin/products/product.php] access : user=truongatv auth=0 sid=08f41b79ead6f1f9f5d161b0d4c41298 from ::1
2018/10/17 14:00:25 [/eccube-2.12.6/html/admin/products/product.php] access : user=truongatv auth=0 sid=08f41b79ead6f1f9f5d161b0d4c41298 from ::1
2018/10/17 14:00:29 [/eccube-2.12.6/html/admin/products/product_class.php] access : user=truongatv auth=0 sid=08f41b79ead6f1f9f5d161b0d4c41298 from ::1
2018/10/17 14:01:05 [/eccube-2.12.6/html/admin/products/index.php] access : user=truongatv auth=0 sid=08f41b79ead6f1f9f5d161b0d4c41298 from ::1
2018/10/17 14:01:06 [/eccube-2.12.6/html/admin/products/index.php] access : user=truongatv auth=0 sid=08f41b79ead6f1f9f5d161b0d4c41298 from ::1
2018/10/17 14:01:14 [/eccube-2.12.6/html/admin/products/product.php] access : user=truongatv auth=0 sid=08f41b79ead6f1f9f5d161b0d4c41298 from ::1
2018/10/17 14:01:34 [/eccube-2.12.6/html/admin/products/product.php] access : user=truongatv auth=0 sid=08f41b79ead6f1f9f5d161b0d4c41298 from ::1
2018/10/17 14:01:42 [/eccube-2.12.6/html/admin/products/product.php] access : user=truongatv auth=0 sid=08f41b79ead6f1f9f5d161b0d4c41298 from ::1
2018/10/17 14:01:47 [/eccube-2.12.6/html/admin/products/product_class.php] access : user=truongatv auth=0 sid=08f41b79ead6f1f9f5d161b0d4c41298 from ::1
2018/10/17 14:01:51 [/eccube-2.12.6/html/admin/products/index.php] access : user=truongatv auth=0 sid=08f41b79ead6f1f9f5d161b0d4c41298 from ::1
2018/10/17 14:01:52 [/eccube-2.12.6/html/admin/products/index.php] access : user=truongatv auth=0 sid=08f41b79ead6f1f9f5d161b0d4c41298 from ::1
2018/10/17 14:01:54 [/eccube-2.12.6/html/admin/products/product.php] access : user=truongatv auth=0 sid=08f41b79ead6f1f9f5d161b0d4c41298 from ::1
2018/10/17 14:02:17 [/eccube-2.12.6/html/admin/products/product.php] access : user=truongatv auth=0 sid=08f41b79ead6f1f9f5d161b0d4c41298 from ::1
2018/10/17 14:02:20 [/eccube-2.12.6/html/admin/products/product.php] access : user=truongatv auth=0 sid=08f41b79ead6f1f9f5d161b0d4c41298 from ::1
2018/10/17 14:05:04 [/eccube-2.12.6/html/admin/design/template.php] access : user=truongatv auth=0 sid=08f41b79ead6f1f9f5d161b0d4c41298 from ::1
2018/10/17 14:05:11 [/eccube-2.12.6/html/admin/design/main_edit.php] access : user=truongatv auth=0 sid=08f41b79ead6f1f9f5d161b0d4c41298 from ::1
2018/10/17 14:05:16 [/eccube-2.12.6/html/admin/contents/recommend.php] access : user=truongatv auth=0 sid=08f41b79ead6f1f9f5d161b0d4c41298 from ::1
2018/10/17 14:05:27 [/eccube-2.12.6/html/admin/contents/recommend.php] access : user=truongatv auth=0 sid=08f41b79ead6f1f9f5d161b0d4c41298 from ::1
2018/10/17 14:05:31 [/eccube-2.12.6/html/admin/contents/recommend.php] access : user=truongatv auth=0 sid=08f41b79ead6f1f9f5d161b0d4c41298 from ::1
2018/10/17 14:05:33 [/eccube-2.12.6/html/admin/contents/recommend_search.php] access : user=truongatv auth=0 sid=08f41b79ead6f1f9f5d161b0d4c41298 from ::1
2018/10/17 14:05:38 [/eccube-2.12.6/html/admin/contents/recommend_search.php] access : user=truongatv auth=0 sid=08f41b79ead6f1f9f5d161b0d4c41298 from ::1
2018/10/17 14:05:39 [/eccube-2.12.6/html/admin/contents/recommend.php] access : user=truongatv auth=0 sid=08f41b79ead6f1f9f5d161b0d4c41298 from ::1
2018/10/17 14:05:46 [/eccube-2.12.6/html/admin/mail/template.php] access : user=truongatv auth=0 sid=08f41b79ead6f1f9f5d161b0d4c41298 from ::1
2018/10/17 14:05:48 [/eccube-2.12.6/html/admin/mail/template_input.php] access : user=truongatv auth=0 sid=08f41b79ead6f1f9f5d161b0d4c41298 from ::1
2018/10/17 14:05:57 [/eccube-2.12.6/html/admin/basis/index.php] access : user=truongatv auth=0 sid=08f41b79ead6f1f9f5d161b0d4c41298 from ::1
2018/10/17 14:06:30 [/eccube-2.12.6/html/admin/basis/index.php] access : user=truongatv auth=0 sid=08f41b79ead6f1f9f5d161b0d4c41298 from ::1
2018/10/17 14:06:42 [/eccube-2.12.6/html/admin/basis/zip_install.php] access : user=truongatv auth=0 sid=08f41b79ead6f1f9f5d161b0d4c41298 from ::1
2018/10/17 14:09:42 [/eccube-2.12.6/html/admin/contents/recommend.php] access : user=truongatv auth=0 sid=08f41b79ead6f1f9f5d161b0d4c41298 from ::1
2018/10/17 14:09:44 [/eccube-2.12.6/html/admin/contents/recommend_search.php] access : user=truongatv auth=0 sid=08f41b79ead6f1f9f5d161b0d4c41298 from ::1
2018/10/17 14:09:45 [/eccube-2.12.6/html/admin/contents/recommend_search.php] access : user=truongatv auth=0 sid=08f41b79ead6f1f9f5d161b0d4c41298 from ::1
2018/10/17 14:09:47 [/eccube-2.12.6/html/admin/contents/recommend.php] access : user=truongatv auth=0 sid=08f41b79ead6f1f9f5d161b0d4c41298 from ::1
2018/10/17 14:09:53 [/eccube-2.12.6/html/admin/contents/recommend_search.php] access : user=truongatv auth=0 sid=08f41b79ead6f1f9f5d161b0d4c41298 from ::1
2018/10/17 14:10:05 [/eccube-2.12.6/html/admin/contents/recommend.php] access : user=truongatv auth=0 sid=08f41b79ead6f1f9f5d161b0d4c41298 from ::1
2018/10/17 14:10:14 [/eccube-2.12.6/html/admin/contents/recommend_search.php] access : user=truongatv auth=0 sid=08f41b79ead6f1f9f5d161b0d4c41298 from ::1
2018/10/17 14:10:16 [/eccube-2.12.6/html/admin/contents/recommend_search.php] access : user=truongatv auth=0 sid=08f41b79ead6f1f9f5d161b0d4c41298 from ::1
2018/10/17 14:10:19 [/eccube-2.12.6/html/admin/contents/recommend.php] access : user=truongatv auth=0 sid=08f41b79ead6f1f9f5d161b0d4c41298 from ::1
2018/10/17 14:10:29 [/eccube-2.12.6/html/admin/contents/recommend_search.php] access : user=truongatv auth=0 sid=08f41b79ead6f1f9f5d161b0d4c41298 from ::1
2018/10/17 14:10:30 [/eccube-2.12.6/html/admin/contents/recommend_search.php] access : user=truongatv auth=0 sid=08f41b79ead6f1f9f5d161b0d4c41298 from ::1
2018/10/17 14:10:33 [/eccube-2.12.6/html/admin/contents/recommend.php] access : user=truongatv auth=0 sid=08f41b79ead6f1f9f5d161b0d4c41298 from ::1
2018/10/17 14:10:52 [/eccube-2.12.6/html/admin/contents/recommend.php] access : user=truongatv auth=0 sid=08f41b79ead6f1f9f5d161b0d4c41298 from ::1
2018/10/17 14:11:05 [/eccube-2.12.6/html/admin/contents/recommend_search.php] access : user=truongatv auth=0 sid=08f41b79ead6f1f9f5d161b0d4c41298 from ::1
2018/10/17 14:11:06 [/eccube-2.12.6/html/admin/contents/recommend_search.php] access : user=truongatv auth=0 sid=08f41b79ead6f1f9f5d161b0d4c41298 from ::1
2018/10/17 14:11:09 [/eccube-2.12.6/html/admin/contents/recommend.php] access : user=truongatv auth=0 sid=08f41b79ead6f1f9f5d161b0d4c41298 from ::1
2018/10/17 14:11:14 [/eccube-2.12.6/html/admin/contents/recommend.php] access : user=truongatv auth=0 sid=08f41b79ead6f1f9f5d161b0d4c41298 from ::1
2018/10/17 14:11:21 [/eccube-2.12.6/html/admin/design/index.php] access : user=truongatv auth=0 sid=08f41b79ead6f1f9f5d161b0d4c41298 from ::1
2018/10/17 14:11:28 [/eccube-2.12.6/html/admin/design/main_edit.php] access : user=truongatv auth=0 sid=08f41b79ead6f1f9f5d161b0d4c41298 from ::1
2018/10/17 14:11:31 [/eccube-2.12.6/html/admin/design/bloc.php] access : user=truongatv auth=0 sid=08f41b79ead6f1f9f5d161b0d4c41298 from ::1
2018/10/17 14:11:41 [/eccube-2.12.6/html/admin/design/main_edit.php] access : user=truongatv auth=0 sid=08f41b79ead6f1f9f5d161b0d4c41298 from ::1
2018/10/17 14:12:46 [/eccube-2.12.6/html/admin/design/index.php] access : user=truongatv auth=0 sid=08f41b79ead6f1f9f5d161b0d4c41298 from ::1
2018/10/17 14:13:00 [/eccube-2.12.6/html/admin/design/header.php] access : user=truongatv auth=0 sid=08f41b79ead6f1f9f5d161b0d4c41298 from ::1
2018/10/17 14:13:18 [/eccube-2.12.6/html/admin/design/header.php] access : user=truongatv auth=0 sid=08f41b79ead6f1f9f5d161b0d4c41298 from ::1
2018/10/17 14:16:17 [/eccube-2.12.6/html/admin/design/header.php] access : user=truongatv auth=0 sid=08f41b79ead6f1f9f5d161b0d4c41298 from ::1
2018/10/17 14:16:36 [/eccube-2.12.6/html/admin/design/header.php] access : user=truongatv auth=0 sid=08f41b79ead6f1f9f5d161b0d4c41298 from ::1
2018/10/17 14:18:20 [/eccube-2.12.6/html/admin/ownersstore/index.php] access : user=truongatv auth=0 sid=08f41b79ead6f1f9f5d161b0d4c41298 from ::1
2018/10/17 14:18:26 [/eccube-2.12.6/html/admin/ownersstore/index.php] access : user=truongatv auth=0 sid=08f41b79ead6f1f9f5d161b0d4c41298 from ::1
2018/10/17 14:18:26 [/eccube-2.12.6/html/admin/ownersstore/index.php] DE-0003_20151222.tar.gz -> /Applications/MAMP/htdocs/eccube-2.12.6/html/upload/temp_plugin/DE-0003_20151222.tar.gz from ::1
2018/10/17 14:18:26 [/eccube-2.12.6/html/admin/ownersstore/index.php] 解凍：/Applications/MAMP/htdocs/eccube-2.12.6/html/../data/downloads/tmp/plugin_install/DE-0003_20151222.tar.gz->/Applications/MAMP/htdocs/eccube-2.12.6/html/../data/downloads/tmp/plugin_install/DE-0003_20151222 from ::1
2018/10/17 14:18:37 [/eccube-2.12.6/html/admin/ownersstore/index.php] access : user=truongatv auth=0 sid=08f41b79ead6f1f9f5d161b0d4c41298 from ::1
2018/10/17 14:18:37 [/eccube-2.12.6/html/admin/ownersstore/index.php] DE-0003_20151222.tar.gz -> /Applications/MAMP/htdocs/eccube-2.12.6/html/upload/temp_plugin/DE-0003_20151222.tar.gz from ::1
2018/10/17 14:18:37 [/eccube-2.12.6/html/admin/ownersstore/index.php] 解凍：/Applications/MAMP/htdocs/eccube-2.12.6/html/../data/downloads/tmp/plugin_install/DE-0003_20151222.tar.gz->/Applications/MAMP/htdocs/eccube-2.12.6/html/../data/downloads/tmp/plugin_install/DE-0003_20151222 from ::1
2018/10/17 14:18:59 [/eccube-2.12.6/html/admin/ownersstore/index.php] access : user=truongatv auth=0 sid=08f41b79ead6f1f9f5d161b0d4c41298 from ::1
2018/10/17 14:18:59 [/eccube-2.12.6/html/admin/ownersstore/index.php] DE-0006_20151222.tar.gz -> /Applications/MAMP/htdocs/eccube-2.12.6/html/upload/temp_plugin/DE-0006_20151222.tar.gz from ::1
2018/10/17 14:18:59 [/eccube-2.12.6/html/admin/ownersstore/index.php] 解凍：/Applications/MAMP/htdocs/eccube-2.12.6/html/../data/downloads/tmp/plugin_install/DE-0006_20151222.tar.gz->/Applications/MAMP/htdocs/eccube-2.12.6/html/../data/downloads/tmp/plugin_install/DE-0006_20151222 from ::1
2018/10/17 14:22:20 [/eccube-2.12.6/html/admin/ownersstore/index.php] access : user=truongatv auth=0 sid=08f41b79ead6f1f9f5d161b0d4c41298 from ::1
2018/10/17 14:22:20 [/eccube-2.12.6/html/admin/ownersstore/index.php] CombzTrackingCode_20170501.tar.gz -> /Applications/MAMP/htdocs/eccube-2.12.6/html/upload/temp_plugin/CombzTrackingCode_20170501.tar.gz from ::1
2018/10/17 14:22:20 [/eccube-2.12.6/html/admin/ownersstore/index.php] 解凍：/Applications/MAMP/htdocs/eccube-2.12.6/html/../data/downloads/tmp/plugin_install/CombzTrackingCode_20170501.tar.gz->/Applications/MAMP/htdocs/eccube-2.12.6/html/../data/downloads/tmp/plugin_install/CombzTrackingCode_20170501 from ::1
2018/10/17 14:23:17 [/eccube-2.12.6/html/admin/ownersstore/index.php] access : user=truongatv auth=0 sid=08f41b79ead6f1f9f5d161b0d4c41298 from ::1
2018/10/17 14:23:19 [/eccube-2.12.6/html/admin/ownersstore/settings.php] access : user=truongatv auth=0 sid=08f41b79ead6f1f9f5d161b0d4c41298 from ::1
2018/10/17 14:23:29 [/eccube-2.12.6/html/admin/ownersstore/index.php] access : user=truongatv auth=0 sid=08f41b79ead6f1f9f5d161b0d4c41298 from ::1
2018/10/17 14:23:32 [/eccube-2.12.6/html/admin/ownersstore/module.php] access : user=truongatv auth=0 sid=08f41b79ead6f1f9f5d161b0d4c41298 from ::1
2018/10/17 14:23:34 [/eccube-2.12.6/html/upgrade/index.php] access : user=truongatv auth=0 sid=08f41b79ead6f1f9f5d161b0d4c41298 from ::1
2018/10/17 14:24:29 [/eccube-2.12.6/html/admin/ownersstore/index.php] access : user=truongatv auth=0 sid=08f41b79ead6f1f9f5d161b0d4c41298 from ::1
2018/10/17 14:24:34 [/eccube-2.12.6/html/admin/ownersstore/index.php] access : user=truongatv auth=0 sid=08f41b79ead6f1f9f5d161b0d4c41298 from ::1
2018/10/17 14:24:34 [/eccube-2.12.6/html/admin/ownersstore/index.php] FixedBottomButton_20130328.tar.gz -> /Applications/MAMP/htdocs/eccube-2.12.6/html/upload/temp_plugin/FixedBottomButton_20130328.tar.gz from ::1
2018/10/17 14:24:34 [/eccube-2.12.6/html/admin/ownersstore/index.php] 解凍：/Applications/MAMP/htdocs/eccube-2.12.6/html/../data/downloads/tmp/plugin_install/FixedBottomButton_20130328.tar.gz->/Applications/MAMP/htdocs/eccube-2.12.6/html/../data/downloads/tmp/plugin_install/FixedBottomButton_20130328 from ::1
2018/10/17 14:24:47 [/eccube-2.12.6/html/admin/ownersstore/index.php] access : user=truongatv auth=0 sid=08f41b79ead6f1f9f5d161b0d4c41298 from ::1
2018/10/17 14:24:47 [/eccube-2.12.6/html/admin/ownersstore/index.php] FixedBottomButton_20130328.tar.gz -> /Applications/MAMP/htdocs/eccube-2.12.6/html/upload/temp_plugin/FixedBottomButton_20130328.tar.gz from ::1
2018/10/17 14:24:47 [/eccube-2.12.6/html/admin/ownersstore/index.php] 解凍：/Applications/MAMP/htdocs/eccube-2.12.6/html/../data/downloads/tmp/plugin_install/FixedBottomButton_20130328.tar.gz->/Applications/MAMP/htdocs/eccube-2.12.6/html/../data/downloads/tmp/plugin_install/FixedBottomButton_20130328 from ::1
2018/10/17 14:25:24 [/eccube-2.12.6/html/admin/design/main_edit.php] access : user=truongatv auth=0 sid=08f41b79ead6f1f9f5d161b0d4c41298 from ::1
2018/10/17 14:25:26 [/eccube-2.12.6/html/admin/design/index.php] access : user=truongatv auth=0 sid=08f41b79ead6f1f9f5d161b0d4c41298 from ::1
2018/10/17 14:25:53 [/eccube-2.12.6/html/admin/design/index.php] access : user=truongatv auth=0 sid=08f41b79ead6f1f9f5d161b0d4c41298 from ::1
2018/10/17 14:25:53 [/eccube-2.12.6/html/admin/design/index.php] access : user=truongatv auth=0 sid=08f41b79ead6f1f9f5d161b0d4c41298 from ::1
2018/10/17 14:26:04 [/eccube-2.12.6/html/admin/design/index.php] access : user=truongatv auth=0 sid=08f41b79ead6f1f9f5d161b0d4c41298 from ::1
2018/10/17 14:26:04 [/eccube-2.12.6/html/admin/design/index.php] access : user=truongatv auth=0 sid=08f41b79ead6f1f9f5d161b0d4c41298 from ::1
2018/10/17 14:27:33 [/eccube-2.12.6/html/admin/design/header.php] access : user=truongatv auth=0 sid=08f41b79ead6f1f9f5d161b0d4c41298 from ::1
2018/10/17 14:27:37 [/eccube-2.12.6/html/admin/design/index.php] access : user=truongatv auth=0 sid=08f41b79ead6f1f9f5d161b0d4c41298 from ::1
2018/10/17 14:27:41 [/eccube-2.12.6/html/admin/design/index.php] access : user=truongatv auth=0 sid=08f41b79ead6f1f9f5d161b0d4c41298 from ::1
2018/10/17 14:27:41 [/eccube-2.12.6/html/admin/design/bloc.php] access : user=truongatv auth=0 sid=08f41b79ead6f1f9f5d161b0d4c41298 from ::1
2018/10/17 14:27:47 [/eccube-2.12.6/html/admin/ownersstore/index.php] access : user=truongatv auth=0 sid=08f41b79ead6f1f9f5d161b0d4c41298 from ::1
2018/10/17 14:28:15 [/eccube-2.12.6/html/admin/ownersstore/index.php] access : user=truongatv auth=0 sid=08f41b79ead6f1f9f5d161b0d4c41298 from ::1
2018/10/17 14:28:20 [/eccube-2.12.6/html/admin/ownersstore/index.php] access : user=truongatv auth=0 sid=08f41b79ead6f1f9f5d161b0d4c41298 from ::1
2018/10/17 14:28:20 [/eccube-2.12.6/html/admin/ownersstore/index.php] jeia-0006-status1bloc_20130319.tar.gz -> /Applications/MAMP/htdocs/eccube-2.12.6/html/upload/temp_plugin/jeia-0006-status1bloc_20130319.tar.gz from ::1
2018/10/17 14:28:20 [/eccube-2.12.6/html/admin/ownersstore/index.php] 解凍：/Applications/MAMP/htdocs/eccube-2.12.6/html/../data/downloads/tmp/plugin_install/jeia-0006-status1bloc_20130319.tar.gz->/Applications/MAMP/htdocs/eccube-2.12.6/html/../data/downloads/tmp/plugin_install/jeia-0006-status1bloc_20130319 from ::1
2018/10/17 14:28:20 [/eccube-2.12.6/html/admin/ownersstore/index.php] access : user=truongatv auth=0 sid=08f41b79ead6f1f9f5d161b0d4c41298 from ::1
2018/10/17 14:28:26 [/eccube-2.12.6/html/admin/ownersstore/index.php] access : user=truongatv auth=0 sid=08f41b79ead6f1f9f5d161b0d4c41298 from ::1
2018/10/17 14:28:26 [/eccube-2.12.6/html/admin/ownersstore/index.php] jeia-0006-status1bloc_20130319.tar.gz -> /Applications/MAMP/htdocs/eccube-2.12.6/html/upload/temp_plugin/jeia-0006-status1bloc_20130319.tar.gz from ::1
2018/10/17 14:28:26 [/eccube-2.12.6/html/admin/ownersstore/index.php] 解凍：/Applications/MAMP/htdocs/eccube-2.12.6/html/../data/downloads/tmp/plugin_install/jeia-0006-status1bloc_20130319.tar.gz->/Applications/MAMP/htdocs/eccube-2.12.6/html/../data/downloads/tmp/plugin_install/jeia-0006-status1bloc_20130319 from ::1
2018/10/17 14:31:00 [/eccube-2.12.6/html/admin/ownersstore/index.php] access : user=truongatv auth=0 sid=08f41b79ead6f1f9f5d161b0d4c41298 from ::1
2018/10/17 14:31:00 [/eccube-2.12.6/html/admin/ownersstore/index.php] dr-conversion-form_20140130.tar.gz -> /Applications/MAMP/htdocs/eccube-2.12.6/html/upload/temp_plugin/dr-conversion-form_20140130.tar.gz from ::1
2018/10/17 14:31:00 [/eccube-2.12.6/html/admin/ownersstore/index.php] 解凍：/Applications/MAMP/htdocs/eccube-2.12.6/html/../data/downloads/tmp/plugin_install/dr-conversion-form_20140130.tar.gz->/Applications/MAMP/htdocs/eccube-2.12.6/html/../data/downloads/tmp/plugin_install/dr-conversion-form_20140130 from ::1
2018/10/17 14:34:44 [/eccube-2.12.6/html/admin/basis/index.php] access : user=truongatv auth=0 sid=08f41b79ead6f1f9f5d161b0d4c41298 from ::1
2018/10/17 14:36:37 [/eccube-2.12.6/html/admin/ownersstore/index.php] access : user=truongatv auth=0 sid=08f41b79ead6f1f9f5d161b0d4c41298 from ::1
2018/10/17 14:36:50 [/eccube-2.12.6/html/admin/ownersstore/index.php] access : user=truongatv auth=0 sid=08f41b79ead6f1f9f5d161b0d4c41298 from ::1
2018/10/17 14:36:50 [/eccube-2.12.6/html/admin/ownersstore/index.php] jeia-0006-status1bloc_20130319.tar.gz -> /Applications/MAMP/htdocs/eccube-2.12.6/html/upload/temp_plugin/jeia-0006-status1bloc_20130319.tar.gz from ::1
2018/10/17 14:36:50 [/eccube-2.12.6/html/admin/ownersstore/index.php] 解凍：/Applications/MAMP/htdocs/eccube-2.12.6/html/../data/downloads/tmp/plugin_install/jeia-0006-status1bloc_20130319.tar.gz->/Applications/MAMP/htdocs/eccube-2.12.6/html/../data/downloads/tmp/plugin_install/jeia-0006-status1bloc_20130319 from ::1
2018/10/17 14:36:50 [/eccube-2.12.6/html/admin/ownersstore/index.php] /Applications/MAMP/htdocs/eccube-2.12.6/html/../data/downloads/tmp/plugin_install//templates を削除します. from ::1
2018/10/17 14:36:50 [/eccube-2.12.6/html/admin/ownersstore/index.php] /Applications/MAMP/htdocs/eccube-2.12.6/html/../data/downloads/tmp/plugin_install//bloc を削除します. from ::1
2018/10/17 14:36:50 [/eccube-2.12.6/html/admin/ownersstore/index.php] /Applications/MAMP/htdocs/eccube-2.12.6/html/../data/downloads/tmp/plugin_install//media を削除します. from ::1
2018/10/17 14:36:50 [/eccube-2.12.6/html/admin/ownersstore/index.php] /Applications/MAMP/htdocs/eccube-2.12.6/html/../data/downloads/tmp/plugin_install/ を削除します. from ::1
2018/10/17 14:36:50 [/eccube-2.12.6/html/admin/ownersstore/index.php] /Applications/MAMP/htdocs/eccube-2.12.6/html/../data/Smarty/templates_c/default/ を削除します. from ::1
2018/10/17 14:36:50 [/eccube-2.12.6/html/admin/ownersstore/index.php] /Applications/MAMP/htdocs/eccube-2.12.6/html/../data/Smarty/templates_c/admin/ を削除します. from ::1
2018/10/17 14:36:50 [/eccube-2.12.6/html/admin/ownersstore/index.php] /Applications/MAMP/htdocs/eccube-2.12.6/html/../data/Smarty/templates_c/sphone/ を削除します. from ::1
2018/10/17 14:36:50 [/eccube-2.12.6/html/admin/ownersstore/index.php] /Applications/MAMP/htdocs/eccube-2.12.6/html/../data/Smarty/templates_c/mobile/ を削除します. from ::1
2018/10/17 14:43:03 [/eccube-2.12.6/html/admin/ownersstore/index.php] access : user=truongatv auth=0 sid=08f41b79ead6f1f9f5d161b0d4c41298 from ::1
2018/10/17 14:43:03 [/eccube-2.12.6/html/admin/ownersstore/index.php] DE-0006_20151222.tar.gz -> /Applications/MAMP/htdocs/eccube-2.12.6/html/upload/temp_plugin/DE-0006_20151222.tar.gz from ::1
2018/10/17 14:43:03 [/eccube-2.12.6/html/admin/ownersstore/index.php] 解凍：/Applications/MAMP/htdocs/eccube-2.12.6/html/../data/downloads/tmp/plugin_install/DE-0006_20151222.tar.gz->/Applications/MAMP/htdocs/eccube-2.12.6/html/../data/downloads/tmp/plugin_install/DE-0006_20151222 from ::1
2018/10/17 14:43:03 [/eccube-2.12.6/html/admin/ownersstore/index.php] /Applications/MAMP/htdocs/eccube-2.12.6/html/../data/downloads/tmp/plugin_install//templates/sphone を削除します. from ::1
2018/10/17 14:43:03 [/eccube-2.12.6/html/admin/ownersstore/index.php] /Applications/MAMP/htdocs/eccube-2.12.6/html/../data/downloads/tmp/plugin_install//templates/default を削除します. from ::1
2018/10/17 14:43:03 [/eccube-2.12.6/html/admin/ownersstore/index.php] /Applications/MAMP/htdocs/eccube-2.12.6/html/../data/downloads/tmp/plugin_install//templates/mobile を削除します. from ::1
2018/10/17 14:43:03 [/eccube-2.12.6/html/admin/ownersstore/index.php] /Applications/MAMP/htdocs/eccube-2.12.6/html/../data/downloads/tmp/plugin_install//templates を削除します. from ::1
2018/10/17 14:43:03 [/eccube-2.12.6/html/admin/ownersstore/index.php] /Applications/MAMP/htdocs/eccube-2.12.6/html/../data/downloads/tmp/plugin_install//bloc を削除します. from ::1
2018/10/17 14:43:03 [/eccube-2.12.6/html/admin/ownersstore/index.php] /Applications/MAMP/htdocs/eccube-2.12.6/html/../data/downloads/tmp/plugin_install//media/images を削除します. from ::1
2018/10/17 14:43:03 [/eccube-2.12.6/html/admin/ownersstore/index.php] /Applications/MAMP/htdocs/eccube-2.12.6/html/../data/downloads/tmp/plugin_install//media を削除します. from ::1
2018/10/17 14:43:03 [/eccube-2.12.6/html/admin/ownersstore/index.php] /Applications/MAMP/htdocs/eccube-2.12.6/html/../data/downloads/tmp/plugin_install/ を削除します. from ::1
2018/10/17 14:43:03 [/eccube-2.12.6/html/admin/ownersstore/index.php] /Applications/MAMP/htdocs/eccube-2.12.6/html/../data/Smarty/templates_c/default/ を削除します. from ::1
2018/10/17 14:43:03 [/eccube-2.12.6/html/admin/ownersstore/index.php] /Applications/MAMP/htdocs/eccube-2.12.6/html/../data/Smarty/templates_c/admin/ を削除します. from ::1
2018/10/17 14:43:03 [/eccube-2.12.6/html/admin/ownersstore/index.php] /Applications/MAMP/htdocs/eccube-2.12.6/html/../data/Smarty/templates_c/sphone/ を削除します. from ::1
2018/10/17 14:43:03 [/eccube-2.12.6/html/admin/ownersstore/index.php] /Applications/MAMP/htdocs/eccube-2.12.6/html/../data/Smarty/templates_c/mobile/ を削除します. from ::1
2018/10/17 14:43:08 [/eccube-2.12.6/html/admin/ownersstore/index.php] access : user=truongatv auth=0 sid=08f41b79ead6f1f9f5d161b0d4c41298 from ::1
2018/10/17 14:43:08 [/eccube-2.12.6/html/admin/ownersstore/index.php] /Applications/MAMP/htdocs/eccube-2.12.6/html/../data/Smarty/templates_c/default/ を削除します. from ::1
2018/10/17 14:43:08 [/eccube-2.12.6/html/admin/ownersstore/index.php] /Applications/MAMP/htdocs/eccube-2.12.6/html/../data/Smarty/templates_c/admin/ を削除します. from ::1
2018/10/17 14:43:08 [/eccube-2.12.6/html/admin/ownersstore/index.php] /Applications/MAMP/htdocs/eccube-2.12.6/html/../data/Smarty/templates_c/sphone/ を削除します. from ::1
2018/10/17 14:43:08 [/eccube-2.12.6/html/admin/ownersstore/index.php] /Applications/MAMP/htdocs/eccube-2.12.6/html/../data/Smarty/templates_c/mobile/ を削除します. from ::1
2018/10/17 14:43:13 [/eccube-2.12.6/html/admin/ownersstore/index.php] access : user=truongatv auth=0 sid=08f41b79ead6f1f9f5d161b0d4c41298 from ::1
2018/10/17 14:43:13 [/eccube-2.12.6/html/admin/ownersstore/index.php] /Applications/MAMP/htdocs/eccube-2.12.6/html/../data/Smarty/templates_c/default/ を削除します. from ::1
2018/10/17 14:43:13 [/eccube-2.12.6/html/admin/ownersstore/index.php] /Applications/MAMP/htdocs/eccube-2.12.6/html/../data/Smarty/templates_c/admin/ を削除します. from ::1
2018/10/17 14:43:13 [/eccube-2.12.6/html/admin/ownersstore/index.php] /Applications/MAMP/htdocs/eccube-2.12.6/html/../data/Smarty/templates_c/sphone/ を削除します. from ::1
2018/10/17 14:43:13 [/eccube-2.12.6/html/admin/ownersstore/index.php] /Applications/MAMP/htdocs/eccube-2.12.6/html/../data/Smarty/templates_c/mobile/ を削除します. from ::1
2018/10/17 14:43:16 [/eccube-2.12.6/html/admin/ownersstore/index.php] access : user=truongatv auth=0 sid=08f41b79ead6f1f9f5d161b0d4c41298 from ::1
2018/10/17 14:43:16 [/eccube-2.12.6/html/admin/ownersstore/index.php] /Applications/MAMP/htdocs/eccube-2.12.6/html/../data/Smarty/templates_c/default/ を削除します. from ::1
2018/10/17 14:43:16 [/eccube-2.12.6/html/admin/ownersstore/index.php] /Applications/MAMP/htdocs/eccube-2.12.6/html/../data/Smarty/templates_c/admin/ を削除します. from ::1
2018/10/17 14:43:16 [/eccube-2.12.6/html/admin/ownersstore/index.php] /Applications/MAMP/htdocs/eccube-2.12.6/html/../data/Smarty/templates_c/sphone/ を削除します. from ::1
2018/10/17 14:43:16 [/eccube-2.12.6/html/admin/ownersstore/index.php] /Applications/MAMP/htdocs/eccube-2.12.6/html/../data/Smarty/templates_c/mobile/ を削除します. from ::1
2018/10/17 14:43:35 [/eccube-2.12.6/html/admin/load_plugin_config.php] access : user=truongatv auth=0 sid=08f41b79ead6f1f9f5d161b0d4c41298 from ::1
2018/10/17 14:43:35 [/eccube-2.12.6/html/admin/load_plugin_config.php] access : user=truongatv auth=0 sid=08f41b79ead6f1f9f5d161b0d4c41298 from ::1
2018/10/17 14:43:35 [/eccube-2.12.6/html/admin/load_plugin_config.php] loading plugin ====> plugin_id = 2 from ::1
2018/10/17 14:43:46 [/eccube-2.12.6/html/admin/load_plugin_config.php] access : user=truongatv auth=0 sid=08f41b79ead6f1f9f5d161b0d4c41298 from ::1
2018/10/17 14:43:46 [/eccube-2.12.6/html/admin/load_plugin_config.php] access : user=truongatv auth=0 sid=08f41b79ead6f1f9f5d161b0d4c41298 from ::1
2018/10/17 14:43:46 [/eccube-2.12.6/html/admin/load_plugin_config.php] loading plugin ====> plugin_id = 2 from ::1
2018/10/17 14:44:08 [/eccube-2.12.6/html/admin/design/index.php] access : user=truongatv auth=0 sid=08f41b79ead6f1f9f5d161b0d4c41298 from ::1
2018/10/17 14:44:22 [/eccube-2.12.6/html/admin/design/index.php] access : user=truongatv auth=0 sid=08f41b79ead6f1f9f5d161b0d4c41298 from ::1
2018/10/17 14:44:22 [/eccube-2.12.6/html/admin/design/index.php] access : user=truongatv auth=0 sid=08f41b79ead6f1f9f5d161b0d4c41298 from ::1
2018/10/17 14:44:39 [/eccube-2.12.6/html/admin/products/index.php] access : user=truongatv auth=0 sid=08f41b79ead6f1f9f5d161b0d4c41298 from ::1
2018/10/17 14:44:42 [/eccube-2.12.6/html/admin/products/index.php] access : user=truongatv auth=0 sid=08f41b79ead6f1f9f5d161b0d4c41298 from ::1
2018/10/17 14:44:44 [/eccube-2.12.6/html/admin/products/product.php] access : user=truongatv auth=0 sid=08f41b79ead6f1f9f5d161b0d4c41298 from ::1
2018/10/17 14:45:44 [/eccube-2.12.6/html/admin/design/index.php] access : user=truongatv auth=0 sid=08f41b79ead6f1f9f5d161b0d4c41298 from ::1
2018/10/17 14:45:56 [/eccube-2.12.6/html/admin/design/index.php] access : user=truongatv auth=0 sid=08f41b79ead6f1f9f5d161b0d4c41298 from ::1
2018/10/17 14:45:56 [/eccube-2.12.6/html/admin/design/index.php] access : user=truongatv auth=0 sid=08f41b79ead6f1f9f5d161b0d4c41298 from ::1
2018/10/17 14:46:15 [/eccube-2.12.6/html/admin/design/main_edit.php] access : user=truongatv auth=0 sid=08f41b79ead6f1f9f5d161b0d4c41298 from ::1
2018/10/17 14:46:24 [/eccube-2.12.6/html/admin/design/bloc.php] access : user=truongatv auth=0 sid=08f41b79ead6f1f9f5d161b0d4c41298 from ::1
2018/10/17 14:46:30 [/eccube-2.12.6/html/admin/design/bloc.php] access : user=truongatv auth=0 sid=08f41b79ead6f1f9f5d161b0d4c41298 from ::1
2018/10/17 14:47:11 [/eccube-2.12.6/html/admin/design/index.php] access : user=truongatv auth=0 sid=08f41b79ead6f1f9f5d161b0d4c41298 from ::1
2018/10/17 14:47:14 [/eccube-2.12.6/html/admin/ownersstore/index.php] access : user=truongatv auth=0 sid=08f41b79ead6f1f9f5d161b0d4c41298 from ::1
2018/10/17 14:47:16 [/eccube-2.12.6/html/admin/load_plugin_config.php] access : user=truongatv auth=0 sid=08f41b79ead6f1f9f5d161b0d4c41298 from ::1
2018/10/17 14:47:16 [/eccube-2.12.6/html/admin/load_plugin_config.php] access : user=truongatv auth=0 sid=08f41b79ead6f1f9f5d161b0d4c41298 from ::1
2018/10/17 14:47:16 [/eccube-2.12.6/html/admin/load_plugin_config.php] loading plugin ====> plugin_id = 2 from ::1
2018/10/17 14:47:32 [/eccube-2.12.6/html/admin/load_plugin_config.php] access : user=truongatv auth=0 sid=08f41b79ead6f1f9f5d161b0d4c41298 from ::1
2018/10/17 14:47:32 [/eccube-2.12.6/html/admin/load_plugin_config.php] access : user=truongatv auth=0 sid=08f41b79ead6f1f9f5d161b0d4c41298 from ::1
2018/10/17 14:47:32 [/eccube-2.12.6/html/admin/load_plugin_config.php] loading plugin ====> plugin_id = 2 from ::1
2018/10/17 14:47:43 [/eccube-2.12.6/html/admin/ownersstore/index.php] access : user=truongatv auth=0 sid=08f41b79ead6f1f9f5d161b0d4c41298 from ::1
2018/10/17 14:47:43 [/eccube-2.12.6/html/admin/ownersstore/index.php] /Applications/MAMP/htdocs/eccube-2.12.6/html/../data/Smarty/templates_c/default/ を削除します. from ::1
2018/10/17 14:47:43 [/eccube-2.12.6/html/admin/ownersstore/index.php] /Applications/MAMP/htdocs/eccube-2.12.6/html/../data/Smarty/templates_c/admin/ を削除します. from ::1
2018/10/17 14:47:43 [/eccube-2.12.6/html/admin/ownersstore/index.php] /Applications/MAMP/htdocs/eccube-2.12.6/html/../data/Smarty/templates_c/sphone/ を削除します. from ::1
2018/10/17 14:47:43 [/eccube-2.12.6/html/admin/ownersstore/index.php] /Applications/MAMP/htdocs/eccube-2.12.6/html/../data/Smarty/templates_c/mobile/ を削除します. from ::1
2018/10/17 14:47:55 [/eccube-2.12.6/html/admin/ownersstore/index.php] access : user=truongatv auth=0 sid=08f41b79ead6f1f9f5d161b0d4c41298 from ::1
2018/10/17 14:47:55 [/eccube-2.12.6/html/admin/ownersstore/index.php] /Applications/MAMP/htdocs/eccube-2.12.6/html/../data/Smarty/templates/default/frontparts/bloc/plg_Status1Bloc.tpl を削除します. from ::1
2018/10/17 14:47:55 [/eccube-2.12.6/html/admin/ownersstore/index.php] /Applications/MAMP/htdocs/eccube-2.12.6/html/frontparts/bloc/plg_Status1Bloc.php を削除します. from ::1
2018/10/17 14:47:55 [/eccube-2.12.6/html/admin/ownersstore/index.php] /Applications/MAMP/htdocs/eccube-2.12.6/html/plugin/Status1Bloc/logo.png を削除します. from ::1
2018/10/17 14:47:55 [/eccube-2.12.6/html/admin/ownersstore/index.php] /Applications/MAMP/htdocs/eccube-2.12.6/html/plugin/Status1Bloc/media を削除します. from ::1
2018/10/17 14:47:55 [/eccube-2.12.6/html/admin/ownersstore/index.php] /Applications/MAMP/htdocs/eccube-2.12.6/html/plugin/Status1Bloc を削除します. from ::1
2018/10/17 14:47:55 [/eccube-2.12.6/html/admin/ownersstore/index.php] /Applications/MAMP/htdocs/eccube-2.12.6/html/../data/downloads/plugin/Status1Bloc//templates を削除します. from ::1
2018/10/17 14:47:55 [/eccube-2.12.6/html/admin/ownersstore/index.php] /Applications/MAMP/htdocs/eccube-2.12.6/html/../data/downloads/plugin/Status1Bloc//bloc を削除します. from ::1
2018/10/17 14:47:55 [/eccube-2.12.6/html/admin/ownersstore/index.php] /Applications/MAMP/htdocs/eccube-2.12.6/html/../data/downloads/plugin/Status1Bloc//media を削除します. from ::1
2018/10/17 14:47:55 [/eccube-2.12.6/html/admin/ownersstore/index.php] /Applications/MAMP/htdocs/eccube-2.12.6/html/../data/downloads/plugin/Status1Bloc/ を削除します. from ::1
2018/10/17 14:47:55 [/eccube-2.12.6/html/admin/ownersstore/index.php] /Applications/MAMP/htdocs/eccube-2.12.6/html/plugin/Status1Bloc/ が存在しません. from ::1
2018/10/17 14:47:55 [/eccube-2.12.6/html/admin/ownersstore/index.php] /Applications/MAMP/htdocs/eccube-2.12.6/html/../data/Smarty/templates_c/default/ を削除します. from ::1
2018/10/17 14:47:55 [/eccube-2.12.6/html/admin/ownersstore/index.php] /Applications/MAMP/htdocs/eccube-2.12.6/html/../data/Smarty/templates_c/admin/ を削除します. from ::1
2018/10/17 14:47:55 [/eccube-2.12.6/html/admin/ownersstore/index.php] /Applications/MAMP/htdocs/eccube-2.12.6/html/../data/Smarty/templates_c/sphone/ を削除します. from ::1
2018/10/17 14:47:55 [/eccube-2.12.6/html/admin/ownersstore/index.php] /Applications/MAMP/htdocs/eccube-2.12.6/html/../data/Smarty/templates_c/mobile/ を削除します. from ::1
2018/10/17 14:48:13 [/eccube-2.12.6/html/admin/load_plugin_config.php] access : user=truongatv auth=0 sid=08f41b79ead6f1f9f5d161b0d4c41298 from ::1
2018/10/17 14:48:13 [/eccube-2.12.6/html/admin/load_plugin_config.php] access : user=truongatv auth=0 sid=08f41b79ead6f1f9f5d161b0d4c41298 from ::1
2018/10/17 14:48:13 [/eccube-2.12.6/html/admin/load_plugin_config.php] loading plugin ====> plugin_id = 2 from ::1
2018/10/17 14:48:46 [/eccube-2.12.6/html/admin/products/index.php] access : user=truongatv auth=0 sid=08f41b79ead6f1f9f5d161b0d4c41298 from ::1
2018/10/17 14:48:48 [/eccube-2.12.6/html/admin/products/product.php] access : user=truongatv auth=0 sid=08f41b79ead6f1f9f5d161b0d4c41298 from ::1
2018/10/17 14:48:55 [/eccube-2.12.6/html/admin/products/category.php] access : user=truongatv auth=0 sid=08f41b79ead6f1f9f5d161b0d4c41298 from ::1
2018/10/17 14:49:07 [/eccube-2.12.6/html/admin/products/category.php] access : user=truongatv auth=0 sid=08f41b79ead6f1f9f5d161b0d4c41298 from ::1
2018/10/17 14:49:11 [/eccube-2.12.6/html/admin/products/product.php] access : user=truongatv auth=0 sid=08f41b79ead6f1f9f5d161b0d4c41298 from ::1
2018/10/17 14:49:35 [/eccube-2.12.6/html/admin/products/product.php] access : user=truongatv auth=0 sid=08f41b79ead6f1f9f5d161b0d4c41298 from ::1
2018/10/17 14:49:35 [/eccube-2.12.6/html/admin/products/product.php] 1 -> /Applications/MAMP/htdocs/eccube-2.12.6/html/../data/download/temp/10171449_5bc6cd6fee1d8.jpg from ::1
2018/10/17 14:50:20 [/eccube-2.12.6/html/admin/products/product.php] access : user=truongatv auth=0 sid=08f41b79ead6f1f9f5d161b0d4c41298 from ::1
2018/10/17 14:50:24 [/eccube-2.12.6/html/admin/products/product.php] access : user=truongatv auth=0 sid=08f41b79ead6f1f9f5d161b0d4c41298 from ::1
2018/10/17 14:50:28 [/eccube-2.12.6/html/admin/products/product.php] access : user=truongatv auth=0 sid=08f41b79ead6f1f9f5d161b0d4c41298 from ::1
2018/10/17 14:50:31 [/eccube-2.12.6/html/admin/products/product.php] access : user=truongatv auth=0 sid=08f41b79ead6f1f9f5d161b0d4c41298 from ::1
2018/10/17 14:50:34 [/eccube-2.12.6/html/admin/products/product.php] access : user=truongatv auth=0 sid=08f41b79ead6f1f9f5d161b0d4c41298 from ::1
2018/10/17 14:50:41 [/eccube-2.12.6/html/admin/products/product.php] access : user=truongatv auth=0 sid=08f41b79ead6f1f9f5d161b0d4c41298 from ::1
2018/10/17 14:50:49 [/eccube-2.12.6/html/admin/products/product_class.php] access : user=truongatv auth=0 sid=08f41b79ead6f1f9f5d161b0d4c41298 from ::1
2018/10/17 14:50:52 [/eccube-2.12.6/html/admin/products/product_class.php] access : user=truongatv auth=0 sid=08f41b79ead6f1f9f5d161b0d4c41298 from ::1
2018/10/17 14:51:03 [/eccube-2.12.6/html/admin/products/product_class.php] access : user=truongatv auth=0 sid=08f41b79ead6f1f9f5d161b0d4c41298 from ::1
2018/10/17 14:51:20 [/eccube-2.12.6/html/admin/products/product_class.php] access : user=truongatv auth=0 sid=08f41b79ead6f1f9f5d161b0d4c41298 from ::1
2018/10/17 14:51:40 [/eccube-2.12.6/html/admin/products/product_class.php] access : user=truongatv auth=0 sid=08f41b79ead6f1f9f5d161b0d4c41298 from ::1
2018/10/17 14:51:42 [/eccube-2.12.6/html/admin/products/product.php] access : user=truongatv auth=0 sid=08f41b79ead6f1f9f5d161b0d4c41298 from ::1
2018/10/17 14:51:45 [/eccube-2.12.6/html/admin/products/index.php] access : user=truongatv auth=0 sid=08f41b79ead6f1f9f5d161b0d4c41298 from ::1
2018/10/17 14:51:47 [/eccube-2.12.6/html/admin/products/index.php] access : user=truongatv auth=0 sid=08f41b79ead6f1f9f5d161b0d4c41298 from ::1
2018/10/17 14:51:50 [/eccube-2.12.6/html/admin/products/product.php] access : user=truongatv auth=0 sid=08f41b79ead6f1f9f5d161b0d4c41298 from ::1
2018/10/17 14:52:02 [/eccube-2.12.6/html/admin/ownersstore/index.php] access : user=truongatv auth=0 sid=08f41b79ead6f1f9f5d161b0d4c41298 from ::1
2018/10/17 14:52:03 [/eccube-2.12.6/html/admin/load_plugin_config.php] access : user=truongatv auth=0 sid=08f41b79ead6f1f9f5d161b0d4c41298 from ::1
2018/10/17 14:52:03 [/eccube-2.12.6/html/admin/load_plugin_config.php] access : user=truongatv auth=0 sid=08f41b79ead6f1f9f5d161b0d4c41298 from ::1
2018/10/17 14:52:03 [/eccube-2.12.6/html/admin/load_plugin_config.php] loading plugin ====> plugin_id = 2 from ::1
2018/10/17 14:52:18 [/eccube-2.12.6/html/admin/load_plugin_config.php] access : user=truongatv auth=0 sid=08f41b79ead6f1f9f5d161b0d4c41298 from ::1
2018/10/17 14:52:18 [/eccube-2.12.6/html/admin/load_plugin_config.php] access : user=truongatv auth=0 sid=08f41b79ead6f1f9f5d161b0d4c41298 from ::1
2018/10/17 14:52:18 [/eccube-2.12.6/html/admin/load_plugin_config.php] loading plugin ====> plugin_id = 2 from ::1
2018/10/17 14:52:38 [/eccube-2.12.6/html/admin/products/class.php] access : user=truongatv auth=0 sid=08f41b79ead6f1f9f5d161b0d4c41298 from ::1
2018/10/17 14:52:45 [/eccube-2.12.6/html/admin/products/category.php] access : user=truongatv auth=0 sid=08f41b79ead6f1f9f5d161b0d4c41298 from ::1
2018/10/17 14:52:50 [/eccube-2.12.6/html/admin/products/maker.php] access : user=truongatv auth=0 sid=08f41b79ead6f1f9f5d161b0d4c41298 from ::1
2018/10/17 14:52:53 [/eccube-2.12.6/html/admin/products/product_rank.php] access : user=truongatv auth=0 sid=08f41b79ead6f1f9f5d161b0d4c41298 from ::1
2018/10/17 14:52:55 [/eccube-2.12.6/html/admin/products/review.php] access : user=truongatv auth=0 sid=08f41b79ead6f1f9f5d161b0d4c41298 from ::1
2018/10/17 14:53:06 [/eccube-2.12.6/html/admin/system/adminarea.php] access : user=truongatv auth=0 sid=08f41b79ead6f1f9f5d161b0d4c41298 from ::1
2018/10/17 14:53:25 [/eccube-2.12.6/html/admin/products/index.php] access : user=truongatv auth=0 sid=08f41b79ead6f1f9f5d161b0d4c41298 from ::1
2018/10/17 14:53:28 [/eccube-2.12.6/html/admin/products/product.php] access : user=truongatv auth=0 sid=08f41b79ead6f1f9f5d161b0d4c41298 from ::1
2018/10/17 14:53:36 [/eccube-2.12.6/html/admin/basis/point.php] access : user=truongatv auth=0 sid=08f41b79ead6f1f9f5d161b0d4c41298 from ::1
2018/10/17 14:53:41 [/eccube-2.12.6/html/admin/contents/index.php] access : user=truongatv auth=0 sid=08f41b79ead6f1f9f5d161b0d4c41298 from ::1
2018/10/17 14:53:49 [/eccube-2.12.6/html/admin/contents/file_manager.php] access : user=truongatv auth=0 sid=08f41b79ead6f1f9f5d161b0d4c41298 from ::1
2018/10/17 14:53:52 [/eccube-2.12.6/html/admin/contents/index.php] access : user=truongatv auth=0 sid=08f41b79ead6f1f9f5d161b0d4c41298 from ::1
2018/10/17 14:53:54 [/eccube-2.12.6/html/admin/contents/recommend.php] access : user=truongatv auth=0 sid=08f41b79ead6f1f9f5d161b0d4c41298 from ::1
2018/10/17 14:53:58 [/eccube-2.12.6/html/admin/contents/recommend_search.php] access : user=truongatv auth=0 sid=08f41b79ead6f1f9f5d161b0d4c41298 from ::1
2018/10/17 14:53:59 [/eccube-2.12.6/html/admin/contents/recommend_search.php] access : user=truongatv auth=0 sid=08f41b79ead6f1f9f5d161b0d4c41298 from ::1
2018/10/17 14:54:01 [/eccube-2.12.6/html/admin/contents/recommend.php] access : user=truongatv auth=0 sid=08f41b79ead6f1f9f5d161b0d4c41298 from ::1
2018/10/17 14:54:18 [/eccube-2.12.6/html/admin/contents/recommend.php] access : user=truongatv auth=0 sid=08f41b79ead6f1f9f5d161b0d4c41298 from ::1
2018/10/17 14:54:34 [/eccube-2.12.6/html/admin/contents/recommend.php] access : user=truongatv auth=0 sid=08f41b79ead6f1f9f5d161b0d4c41298 from ::1
2018/10/17 14:54:42 [/eccube-2.12.6/html/admin/contents/recommend.php] access : user=truongatv auth=0 sid=08f41b79ead6f1f9f5d161b0d4c41298 from ::1
2018/10/17 14:56:15 [/eccube-2.12.6/html/admin/ownersstore/index.php] access : user=truongatv auth=0 sid=08f41b79ead6f1f9f5d161b0d4c41298 from ::1
2018/10/17 14:56:22 [/eccube-2.12.6/html/admin/ownersstore/index.php] access : user=truongatv auth=0 sid=08f41b79ead6f1f9f5d161b0d4c41298 from ::1
2018/10/17 14:56:22 [/eccube-2.12.6/html/admin/ownersstore/index.php] DE-0002_20151222.tar.gz -> /Applications/MAMP/htdocs/eccube-2.12.6/html/upload/temp_plugin/DE-0002_20151222.tar.gz from ::1
2018/10/17 14:56:22 [/eccube-2.12.6/html/admin/ownersstore/index.php] 解凍：/Applications/MAMP/htdocs/eccube-2.12.6/html/../data/downloads/tmp/plugin_install/DE-0002_20151222.tar.gz->/Applications/MAMP/htdocs/eccube-2.12.6/html/../data/downloads/tmp/plugin_install/DE-0002_20151222 from ::1
2018/10/17 14:56:22 [/eccube-2.12.6/html/admin/ownersstore/index.php] /Applications/MAMP/htdocs/eccube-2.12.6/html/../data/downloads/tmp/plugin_install//templates を削除します. from ::1
2018/10/17 14:56:22 [/eccube-2.12.6/html/admin/ownersstore/index.php] /Applications/MAMP/htdocs/eccube-2.12.6/html/../data/downloads/tmp/plugin_install//bloc を削除します. from ::1
2018/10/17 14:56:22 [/eccube-2.12.6/html/admin/ownersstore/index.php] /Applications/MAMP/htdocs/eccube-2.12.6/html/../data/downloads/tmp/plugin_install//media/images を削除します. from ::1
2018/10/17 14:56:22 [/eccube-2.12.6/html/admin/ownersstore/index.php] /Applications/MAMP/htdocs/eccube-2.12.6/html/../data/downloads/tmp/plugin_install//media を削除します. from ::1
2018/10/17 14:56:22 [/eccube-2.12.6/html/admin/ownersstore/index.php] /Applications/MAMP/htdocs/eccube-2.12.6/html/../data/downloads/tmp/plugin_install/ を削除します. from ::1
2018/10/17 14:56:22 [/eccube-2.12.6/html/admin/ownersstore/index.php] /Applications/MAMP/htdocs/eccube-2.12.6/html/../data/Smarty/templates_c/default/ を削除します. from ::1
2018/10/17 14:56:22 [/eccube-2.12.6/html/admin/ownersstore/index.php] /Applications/MAMP/htdocs/eccube-2.12.6/html/../data/Smarty/templates_c/admin/ を削除します. from ::1
2018/10/17 14:56:22 [/eccube-2.12.6/html/admin/ownersstore/index.php] /Applications/MAMP/htdocs/eccube-2.12.6/html/../data/Smarty/templates_c/sphone/ を削除します. from ::1
2018/10/17 14:56:22 [/eccube-2.12.6/html/admin/ownersstore/index.php] /Applications/MAMP/htdocs/eccube-2.12.6/html/../data/Smarty/templates_c/mobile/ を削除します. from ::1
2018/10/17 14:56:26 [/eccube-2.12.6/html/admin/load_plugin_config.php] access : user=truongatv auth=0 sid=08f41b79ead6f1f9f5d161b0d4c41298 from ::1
2018/10/17 14:56:26 [/eccube-2.12.6/html/admin/load_plugin_config.php] access : user=truongatv auth=0 sid=08f41b79ead6f1f9f5d161b0d4c41298 from ::1
2018/10/17 14:56:26 [/eccube-2.12.6/html/admin/load_plugin_config.php] loading plugin ====> plugin_id = 3 from ::1
2018/10/17 14:56:32 [/eccube-2.12.6/html/admin/load_plugin_config.php] access : user=truongatv auth=0 sid=08f41b79ead6f1f9f5d161b0d4c41298 from ::1
2018/10/17 14:56:32 [/eccube-2.12.6/html/admin/load_plugin_config.php] access : user=truongatv auth=0 sid=08f41b79ead6f1f9f5d161b0d4c41298 from ::1
2018/10/17 14:56:32 [/eccube-2.12.6/html/admin/load_plugin_config.php] loading plugin ====> plugin_id = 3 from ::1
2018/10/17 14:56:42 [/eccube-2.12.6/html/admin/design/index.php] access : user=truongatv auth=0 sid=08f41b79ead6f1f9f5d161b0d4c41298 from ::1
2018/10/17 14:56:58 [/eccube-2.12.6/html/admin/design/main_edit.php] access : user=truongatv auth=0 sid=08f41b79ead6f1f9f5d161b0d4c41298 from ::1
2018/10/17 14:57:05 [/eccube-2.12.6/html/admin/design/header.php] access : user=truongatv auth=0 sid=08f41b79ead6f1f9f5d161b0d4c41298 from ::1
2018/10/17 14:57:11 [/eccube-2.12.6/html/admin/design/main_edit.php] access : user=truongatv auth=0 sid=08f41b79ead6f1f9f5d161b0d4c41298 from ::1
2018/10/17 14:57:18 [/eccube-2.12.6/html/admin/design/bloc.php] access : user=truongatv auth=0 sid=08f41b79ead6f1f9f5d161b0d4c41298 from ::1
2018/10/17 14:57:35 [/eccube-2.12.6/html/admin/ownersstore/index.php] access : user=truongatv auth=0 sid=08f41b79ead6f1f9f5d161b0d4c41298 from ::1
2018/10/17 14:57:40 [/eccube-2.12.6/html/admin/ownersstore/index.php] access : user=truongatv auth=0 sid=08f41b79ead6f1f9f5d161b0d4c41298 from ::1
2018/10/17 14:57:40 [/eccube-2.12.6/html/admin/ownersstore/index.php] /Applications/MAMP/htdocs/eccube-2.12.6/html/../data/Smarty/templates_c/default/ を削除します. from ::1
2018/10/17 14:57:40 [/eccube-2.12.6/html/admin/ownersstore/index.php] /Applications/MAMP/htdocs/eccube-2.12.6/html/../data/Smarty/templates_c/admin/ を削除します. from ::1
2018/10/17 14:57:40 [/eccube-2.12.6/html/admin/ownersstore/index.php] /Applications/MAMP/htdocs/eccube-2.12.6/html/../data/Smarty/templates_c/sphone/ を削除します. from ::1
2018/10/17 14:57:40 [/eccube-2.12.6/html/admin/ownersstore/index.php] /Applications/MAMP/htdocs/eccube-2.12.6/html/../data/Smarty/templates_c/mobile/ を削除します. from ::1
2018/10/17 14:57:44 [/eccube-2.12.6/html/admin/ownersstore/index.php] access : user=truongatv auth=0 sid=08f41b79ead6f1f9f5d161b0d4c41298 from ::1
2018/10/17 14:57:44 [/eccube-2.12.6/html/admin/ownersstore/index.php] /Applications/MAMP/htdocs/eccube-2.12.6/html/../data/Smarty/templates_c/default/ を削除します. from ::1
2018/10/17 14:57:44 [/eccube-2.12.6/html/admin/ownersstore/index.php] /Applications/MAMP/htdocs/eccube-2.12.6/html/../data/Smarty/templates_c/admin/ を削除します. from ::1
2018/10/17 14:57:44 [/eccube-2.12.6/html/admin/ownersstore/index.php] /Applications/MAMP/htdocs/eccube-2.12.6/html/../data/Smarty/templates_c/sphone/ を削除します. from ::1
2018/10/17 14:57:44 [/eccube-2.12.6/html/admin/ownersstore/index.php] /Applications/MAMP/htdocs/eccube-2.12.6/html/../data/Smarty/templates_c/mobile/ を削除します. from ::1
2018/10/17 14:57:56 [/eccube-2.12.6/html/admin/load_plugin_config.php] access : user=truongatv auth=0 sid=08f41b79ead6f1f9f5d161b0d4c41298 from ::1
2018/10/17 14:57:56 [/eccube-2.12.6/html/admin/load_plugin_config.php] access : user=truongatv auth=0 sid=08f41b79ead6f1f9f5d161b0d4c41298 from ::1
2018/10/17 14:57:56 [/eccube-2.12.6/html/admin/load_plugin_config.php] loading plugin ====> plugin_id = 2 from ::1
2018/10/17 14:57:59 [/eccube-2.12.6/html/admin/load_plugin_config.php] access : user=truongatv auth=0 sid=08f41b79ead6f1f9f5d161b0d4c41298 from ::1
2018/10/17 14:57:59 [/eccube-2.12.6/html/admin/load_plugin_config.php] access : user=truongatv auth=0 sid=08f41b79ead6f1f9f5d161b0d4c41298 from ::1
2018/10/17 14:57:59 [/eccube-2.12.6/html/admin/load_plugin_config.php] loading plugin ====> plugin_id = 2 from ::1
2018/10/17 14:59:38 [/eccube-2.12.6/html/admin/ownersstore/module.php] access : user=truongatv auth=0 sid=08f41b79ead6f1f9f5d161b0d4c41298 from ::1
2018/10/17 14:59:44 [/eccube-2.12.6/html/admin/system/index.php] access : user=truongatv auth=0 sid=08f41b79ead6f1f9f5d161b0d4c41298 from ::1
2018/10/17 14:59:46 [/eccube-2.12.6/html/admin/system/input.php] access : user=truongatv auth=0 sid=08f41b79ead6f1f9f5d161b0d4c41298 from ::1
2018/10/17 15:00:19 [/eccube-2.12.6/html/admin/system/input.php] access : user=truongatv auth=0 sid=08f41b79ead6f1f9f5d161b0d4c41298 from ::1
2018/10/17 15:00:23 [/eccube-2.12.6/html/admin/system/input.php] access : user=truongatv auth=0 sid=08f41b79ead6f1f9f5d161b0d4c41298 from ::1
2018/10/17 15:00:31 [/eccube-2.12.6/html/admin/system/input.php] access : user=truongatv auth=0 sid=08f41b79ead6f1f9f5d161b0d4c41298 from ::1
2018/10/17 15:00:53 [/eccube-2.12.6/html/admin/system/input.php] access : user=truongatv auth=0 sid=08f41b79ead6f1f9f5d161b0d4c41298 from ::1
2018/10/17 15:00:53 [/eccube-2.12.6/html/admin/system/index.php] access : user=truongatv auth=0 sid=08f41b79ead6f1f9f5d161b0d4c41298 from ::1
2018/10/17 15:01:07 [/eccube-2.12.6/html/admin/design/index.php] access : user=truongatv auth=0 sid=08f41b79ead6f1f9f5d161b0d4c41298 from ::1
2018/10/17 15:01:26 [/eccube-2.12.6/html/admin/design/index.php] access : user=truongatv auth=0 sid=08f41b79ead6f1f9f5d161b0d4c41298 from ::1
2018/10/17 15:01:26 [/eccube-2.12.6/html/admin/design/index.php] access : user=truongatv auth=0 sid=08f41b79ead6f1f9f5d161b0d4c41298 from ::1
2018/10/17 15:01:50 [/eccube-2.12.6/html/admin/design/index.php] access : user=truongatv auth=0 sid=08f41b79ead6f1f9f5d161b0d4c41298 from ::1
2018/10/17 15:01:50 [/eccube-2.12.6/html/admin/design/index.php] access : user=truongatv auth=0 sid=08f41b79ead6f1f9f5d161b0d4c41298 from ::1
2018/10/17 15:02:04 [/eccube-2.12.6/html/admin/design/index.php] access : user=truongatv auth=0 sid=08f41b79ead6f1f9f5d161b0d4c41298 from ::1
2018/10/17 15:02:04 [/eccube-2.12.6/html/admin/design/index.php] access : user=truongatv auth=0 sid=08f41b79ead6f1f9f5d161b0d4c41298 from ::1
2018/10/17 15:02:16 [/eccube-2.12.6/html/admin/design/index.php] access : user=truongatv auth=0 sid=08f41b79ead6f1f9f5d161b0d4c41298 from ::1
2018/10/17 15:02:17 [/eccube-2.12.6/html/admin/design/index.php] access : user=truongatv auth=0 sid=08f41b79ead6f1f9f5d161b0d4c41298 from ::1
2018/10/17 15:03:07 [/eccube-2.12.6/html/admin/ownersstore/index.php] access : user=truongatv auth=0 sid=08f41b79ead6f1f9f5d161b0d4c41298 from ::1
2018/10/17 15:03:14 [/eccube-2.12.6/html/admin/ownersstore/index.php] access : user=truongatv auth=0 sid=08f41b79ead6f1f9f5d161b0d4c41298 from ::1
2018/10/17 15:03:14 [/eccube-2.12.6/html/admin/ownersstore/index.php] DE-0007_20151222.tar.gz -> /Applications/MAMP/htdocs/eccube-2.12.6/html/upload/temp_plugin/DE-0007_20151222.tar.gz from ::1
2018/10/17 15:03:14 [/eccube-2.12.6/html/admin/ownersstore/index.php] 解凍：/Applications/MAMP/htdocs/eccube-2.12.6/html/../data/downloads/tmp/plugin_install/DE-0007_20151222.tar.gz->/Applications/MAMP/htdocs/eccube-2.12.6/html/../data/downloads/tmp/plugin_install/DE-0007_20151222 from ::1
2018/10/17 15:03:14 [/eccube-2.12.6/html/admin/ownersstore/index.php] /Applications/MAMP/htdocs/eccube-2.12.6/html/../data/downloads/tmp/plugin_install//html/frontparts/bloc を削除します. from ::1
2018/10/17 15:03:14 [/eccube-2.12.6/html/admin/ownersstore/index.php] /Applications/MAMP/htdocs/eccube-2.12.6/html/../data/downloads/tmp/plugin_install//html/frontparts を削除します. from ::1
2018/10/17 15:03:14 [/eccube-2.12.6/html/admin/ownersstore/index.php] /Applications/MAMP/htdocs/eccube-2.12.6/html/../data/downloads/tmp/plugin_install//html/admin/contents を削除します. from ::1
2018/10/17 15:03:14 [/eccube-2.12.6/html/admin/ownersstore/index.php] /Applications/MAMP/htdocs/eccube-2.12.6/html/../data/downloads/tmp/plugin_install//html/admin を削除します. from ::1
2018/10/17 15:03:14 [/eccube-2.12.6/html/admin/ownersstore/index.php] /Applications/MAMP/htdocs/eccube-2.12.6/html/../data/downloads/tmp/plugin_install//html を削除します. from ::1
2018/10/17 15:03:14 [/eccube-2.12.6/html/admin/ownersstore/index.php] /Applications/MAMP/htdocs/eccube-2.12.6/html/../data/downloads/tmp/plugin_install//class/sql を削除します. from ::1
2018/10/17 15:03:14 [/eccube-2.12.6/html/admin/ownersstore/index.php] /Applications/MAMP/htdocs/eccube-2.12.6/html/../data/downloads/tmp/plugin_install//class を削除します. from ::1
2018/10/17 15:03:14 [/eccube-2.12.6/html/admin/ownersstore/index.php] /Applications/MAMP/htdocs/eccube-2.12.6/html/../data/downloads/tmp/plugin_install//templates を削除します. from ::1
2018/10/17 15:03:14 [/eccube-2.12.6/html/admin/ownersstore/index.php] /Applications/MAMP/htdocs/eccube-2.12.6/html/../data/downloads/tmp/plugin_install/ を削除します. from ::1
2018/10/17 15:03:14 [/eccube-2.12.6/html/admin/ownersstore/index.php] /Applications/MAMP/htdocs/eccube-2.12.6/html/../data/Smarty/templates_c/default/ を削除します. from ::1
2018/10/17 15:03:14 [/eccube-2.12.6/html/admin/ownersstore/index.php] /Applications/MAMP/htdocs/eccube-2.12.6/html/../data/Smarty/templates_c/admin/ を削除します. from ::1
2018/10/17 15:03:14 [/eccube-2.12.6/html/admin/ownersstore/index.php] /Applications/MAMP/htdocs/eccube-2.12.6/html/../data/Smarty/templates_c/sphone/ を削除します. from ::1
2018/10/17 15:03:14 [/eccube-2.12.6/html/admin/ownersstore/index.php] /Applications/MAMP/htdocs/eccube-2.12.6/html/../data/Smarty/templates_c/mobile/ を削除します. from ::1
2018/10/17 15:03:19 [/eccube-2.12.6/html/admin/ownersstore/index.php] access : user=truongatv auth=0 sid=08f41b79ead6f1f9f5d161b0d4c41298 from ::1
2018/10/17 15:03:19 [/eccube-2.12.6/html/admin/ownersstore/index.php] /Applications/MAMP/htdocs/eccube-2.12.6/html/../data/Smarty/templates_c/default/ を削除します. from ::1
2018/10/17 15:03:19 [/eccube-2.12.6/html/admin/ownersstore/index.php] /Applications/MAMP/htdocs/eccube-2.12.6/html/../data/Smarty/templates_c/admin/ を削除します. from ::1
2018/10/17 15:03:19 [/eccube-2.12.6/html/admin/ownersstore/index.php] /Applications/MAMP/htdocs/eccube-2.12.6/html/../data/Smarty/templates_c/sphone/ を削除します. from ::1
2018/10/17 15:03:19 [/eccube-2.12.6/html/admin/ownersstore/index.php] /Applications/MAMP/htdocs/eccube-2.12.6/html/../data/Smarty/templates_c/mobile/ を削除します. from ::1
2018/10/17 15:03:22 [/eccube-2.12.6/html/admin/load_plugin_config.php] access : user=truongatv auth=0 sid=08f41b79ead6f1f9f5d161b0d4c41298 from ::1
2018/10/17 15:03:22 [/eccube-2.12.6/html/admin/load_plugin_config.php] access : user=truongatv auth=0 sid=08f41b79ead6f1f9f5d161b0d4c41298 from ::1
2018/10/17 15:03:22 [/eccube-2.12.6/html/admin/load_plugin_config.php] loading plugin ====> plugin_id = 4 from ::1
2018/10/17 15:03:35 [/eccube-2.12.6/html/admin/load_plugin_config.php] access : user=truongatv auth=0 sid=08f41b79ead6f1f9f5d161b0d4c41298 from ::1
2018/10/17 15:03:35 [/eccube-2.12.6/html/admin/load_plugin_config.php] access : user=truongatv auth=0 sid=08f41b79ead6f1f9f5d161b0d4c41298 from ::1
2018/10/17 15:03:35 [/eccube-2.12.6/html/admin/load_plugin_config.php] loading plugin ====> plugin_id = 4 from ::1
2018/10/17 15:03:42 [/eccube-2.12.6/html/admin/design/index.php] access : user=truongatv auth=0 sid=08f41b79ead6f1f9f5d161b0d4c41298 from ::1
2018/10/17 15:03:52 [/eccube-2.12.6/html/admin/design/index.php] access : user=truongatv auth=0 sid=08f41b79ead6f1f9f5d161b0d4c41298 from ::1
2018/10/17 15:03:52 [/eccube-2.12.6/html/admin/design/index.php] access : user=truongatv auth=0 sid=08f41b79ead6f1f9f5d161b0d4c41298 from ::1
2018/10/17 15:04:17 [/eccube-2.12.6/html/admin/contents/index.php] access : user=truongatv auth=0 sid=08f41b79ead6f1f9f5d161b0d4c41298 from ::1
2018/10/17 15:04:19 [/eccube-2.12.6/html/admin/contents/plg_MainImage_main_image.php] access : user=truongatv auth=0 sid=08f41b79ead6f1f9f5d161b0d4c41298 from ::1
2018/10/17 15:04:26 [/eccube-2.12.6/html/admin/contents/plg_MainImage_main_image.php] access : user=truongatv auth=0 sid=08f41b79ead6f1f9f5d161b0d4c41298 from ::1
2018/10/17 15:05:04 [/eccube-2.12.6/html/admin/contents/plg_MainImage_main_image.php] access : user=truongatv auth=0 sid=08f41b79ead6f1f9f5d161b0d4c41298 from ::1
2018/10/17 15:05:08 [/eccube-2.12.6/html/admin/contents/plg_MainImage_main_image.php] access : user=truongatv auth=0 sid=08f41b79ead6f1f9f5d161b0d4c41298 from ::1
2018/10/17 15:05:37 [/eccube-2.12.6/html/admin/contents/plg_MainImage_main_image.php] access : user=truongatv auth=0 sid=08f41b79ead6f1f9f5d161b0d4c41298 from ::1
2018/10/17 15:05:38 [/eccube-2.12.6/html/admin/contents/plg_MainImage_main_image.php] access : user=truongatv auth=0 sid=08f41b79ead6f1f9f5d161b0d4c41298 from ::1
2018/10/17 15:05:48 [/eccube-2.12.6/html/admin/design/index.php] access : user=truongatv auth=0 sid=08f41b79ead6f1f9f5d161b0d4c41298 from ::1
2018/10/17 15:05:55 [/eccube-2.12.6/html/admin/design/index.php] access : user=truongatv auth=0 sid=08f41b79ead6f1f9f5d161b0d4c41298 from ::1
2018/10/17 15:05:55 [/eccube-2.12.6/html/admin/design/index.php] access : user=truongatv auth=0 sid=08f41b79ead6f1f9f5d161b0d4c41298 from ::1
2018/10/17 15:06:08 [/eccube-2.12.6/html/admin/design/index.php] access : user=truongatv auth=0 sid=08f41b79ead6f1f9f5d161b0d4c41298 from ::1
2018/10/17 15:06:08 [/eccube-2.12.6/html/admin/design/index.php] access : user=truongatv auth=0 sid=08f41b79ead6f1f9f5d161b0d4c41298 from ::1
2018/10/17 15:09:00 [/eccube-2.12.6/html/admin/design/index.php] access : user=truongatv auth=0 sid=08f41b79ead6f1f9f5d161b0d4c41298 from ::1
2018/10/17 15:09:00 [/eccube-2.12.6/html/admin/design/index.php] access : user=truongatv auth=0 sid=08f41b79ead6f1f9f5d161b0d4c41298 from ::1
2018/10/17 15:09:06 [/eccube-2.12.6/html/admin/contents/index.php] access : user=truongatv auth=0 sid=08f41b79ead6f1f9f5d161b0d4c41298 from ::1
2018/10/17 15:09:08 [/eccube-2.12.6/html/admin/contents/plg_MainImage_main_image.php] access : user=truongatv auth=0 sid=08f41b79ead6f1f9f5d161b0d4c41298 from ::1
2018/10/17 15:09:18 [/eccube-2.12.6/html/admin/mail/template.php] access : user=truongatv auth=0 sid=08f41b79ead6f1f9f5d161b0d4c41298 from ::1
2018/10/17 15:09:20 [/eccube-2.12.6/html/admin/mail/template_input.php] access : user=truongatv auth=0 sid=08f41b79ead6f1f9f5d161b0d4c41298 from ::1
2018/10/17 15:10:19 [/eccube-2.12.6/html/admin/design/main_edit.php] access : user=truongatv auth=0 sid=08f41b79ead6f1f9f5d161b0d4c41298 from ::1
2018/10/17 15:10:24 [/eccube-2.12.6/html/admin/design/index.php] access : user=truongatv auth=0 sid=08f41b79ead6f1f9f5d161b0d4c41298 from ::1
2018/10/17 15:10:31 [/eccube-2.12.6/html/admin/design/main_edit.php] access : user=truongatv auth=0 sid=08f41b79ead6f1f9f5d161b0d4c41298 from ::1
2018/10/17 15:11:23 [/eccube-2.12.6/html/admin/products/index.php] access : user=truongatv auth=0 sid=08f41b79ead6f1f9f5d161b0d4c41298 from ::1
2018/10/17 15:11:24 [/eccube-2.12.6/html/admin/products/index.php] access : user=truongatv auth=0 sid=08f41b79ead6f1f9f5d161b0d4c41298 from ::1
2018/10/17 15:11:27 [/eccube-2.12.6/html/admin/products/product.php] access : user=truongatv auth=0 sid=08f41b79ead6f1f9f5d161b0d4c41298 from ::1
2018/10/17 15:11:47 [/eccube-2.12.6/html/admin/products/product_select.php] access : user=truongatv auth=0 sid=08f41b79ead6f1f9f5d161b0d4c41298 from ::1
2018/10/17 15:12:34 [/eccube-2.12.6/html/admin/ownersstore/index.php] access : user=truongatv auth=0 sid=08f41b79ead6f1f9f5d161b0d4c41298 from ::1
2018/10/17 15:12:40 [/eccube-2.12.6/html/admin/ownersstore/index.php] access : user=truongatv auth=0 sid=08f41b79ead6f1f9f5d161b0d4c41298 from ::1
2018/10/17 15:12:40 [/eccube-2.12.6/html/admin/ownersstore/index.php] nw00002_20151229.tar.gz -> /Applications/MAMP/htdocs/eccube-2.12.6/html/upload/temp_plugin/nw00002_20151229.tar.gz from ::1
2018/10/17 15:12:40 [/eccube-2.12.6/html/admin/ownersstore/index.php] 解凍：/Applications/MAMP/htdocs/eccube-2.12.6/html/../data/downloads/tmp/plugin_install/nw00002_20151229.tar.gz->/Applications/MAMP/htdocs/eccube-2.12.6/html/../data/downloads/tmp/plugin_install/nw00002_20151229 from ::1
2018/10/17 15:12:40 [/eccube-2.12.6/html/admin/ownersstore/index.php] /Applications/MAMP/htdocs/eccube-2.12.6/html/../data/downloads/tmp/plugin_install//templates を削除します. from ::1
2018/10/17 15:12:40 [/eccube-2.12.6/html/admin/ownersstore/index.php] /Applications/MAMP/htdocs/eccube-2.12.6/html/../data/downloads/tmp/plugin_install/ を削除します. from ::1
2018/10/17 15:12:40 [/eccube-2.12.6/html/admin/ownersstore/index.php] /Applications/MAMP/htdocs/eccube-2.12.6/html/../data/Smarty/templates_c/default/ を削除します. from ::1
2018/10/17 15:12:40 [/eccube-2.12.6/html/admin/ownersstore/index.php] /Applications/MAMP/htdocs/eccube-2.12.6/html/../data/Smarty/templates_c/admin/ を削除します. from ::1
2018/10/17 15:12:40 [/eccube-2.12.6/html/admin/ownersstore/index.php] /Applications/MAMP/htdocs/eccube-2.12.6/html/../data/Smarty/templates_c/sphone/ を削除します. from ::1
2018/10/17 15:12:40 [/eccube-2.12.6/html/admin/ownersstore/index.php] /Applications/MAMP/htdocs/eccube-2.12.6/html/../data/Smarty/templates_c/mobile/ を削除します. from ::1
2018/10/17 15:12:46 [/eccube-2.12.6/html/admin/ownersstore/index.php] access : user=truongatv auth=0 sid=08f41b79ead6f1f9f5d161b0d4c41298 from ::1
2018/10/17 15:12:46 [/eccube-2.12.6/html/admin/ownersstore/index.php] /Applications/MAMP/htdocs/eccube-2.12.6/html/../data/Smarty/templates_c/default/ を削除します. from ::1
2018/10/17 15:12:46 [/eccube-2.12.6/html/admin/ownersstore/index.php] /Applications/MAMP/htdocs/eccube-2.12.6/html/../data/Smarty/templates_c/admin/ を削除します. from ::1
2018/10/17 15:12:46 [/eccube-2.12.6/html/admin/ownersstore/index.php] /Applications/MAMP/htdocs/eccube-2.12.6/html/../data/Smarty/templates_c/sphone/ を削除します. from ::1
2018/10/17 15:12:46 [/eccube-2.12.6/html/admin/ownersstore/index.php] /Applications/MAMP/htdocs/eccube-2.12.6/html/../data/Smarty/templates_c/mobile/ を削除します. from ::1
2018/10/17 15:12:55 [/eccube-2.12.6/html/admin/design/index.php] access : user=truongatv auth=0 sid=08f41b79ead6f1f9f5d161b0d4c41298 from ::1
2018/10/17 15:13:02 [/eccube-2.12.6/html/admin/design/bloc.php] access : user=truongatv auth=0 sid=08f41b79ead6f1f9f5d161b0d4c41298 from ::1
2018/10/17 15:13:43 [/eccube-2.12.6/html/admin/design/index.php] access : user=truongatv auth=0 sid=08f41b79ead6f1f9f5d161b0d4c41298 from ::1
2018/10/17 15:13:55 [/eccube-2.12.6/html/admin/ownersstore/index.php] access : user=truongatv auth=0 sid=08f41b79ead6f1f9f5d161b0d4c41298 from ::1
2018/10/17 15:13:59 [/eccube-2.12.6/html/admin/design/main_edit.php] access : user=truongatv auth=0 sid=08f41b79ead6f1f9f5d161b0d4c41298 from ::1
