2018/10/17 13:59:54 [/eccube-2.12.6/html/admin/products/product.php] Warning(E_WARNING): array_diff(): Argument #1 is not an array on [/Applications/MAMP/htdocs/eccube-2.12.6/data/class/SC_CheckError.php(63)] from ::1
2018/10/17 13:59:54 [/eccube-2.12.6/html/admin/products/product.php] Warning(E_WARNING): array_diff(): Argument #1 is not an array on [/Applications/MAMP/htdocs/eccube-2.12.6/data/class/SC_CheckError.php(63)] from ::1
2018/10/17 13:59:54 [/eccube-2.12.6/html/admin/products/product.php] Warning(E_WARNING): array_diff(): Argument #1 is not an array on [/Applications/MAMP/htdocs/eccube-2.12.6/data/class/SC_CheckError.php(63)] from ::1
2018/10/17 13:59:54 [/eccube-2.12.6/html/admin/products/product.php] Warning(E_WARNING): array_diff(): Argument #1 is not an array on [/Applications/MAMP/htdocs/eccube-2.12.6/data/class/SC_CheckError.php(63)] from ::1
2018/10/17 13:59:54 [/eccube-2.12.6/html/admin/products/product.php] Warning(E_WARNING): array_diff(): Argument #1 is not an array on [/Applications/MAMP/htdocs/eccube-2.12.6/data/class/SC_CheckError.php(63)] from ::1
2018/10/17 14:00:19 [/eccube-2.12.6/html/admin/products/product.php] Warning(E_WARNING): array_diff(): Argument #1 is not an array on [/Applications/MAMP/htdocs/eccube-2.12.6/data/class/SC_CheckError.php(63)] from ::1
2018/10/17 14:00:19 [/eccube-2.12.6/html/admin/products/product.php] Warning(E_WARNING): array_diff(): Argument #1 is not an array on [/Applications/MAMP/htdocs/eccube-2.12.6/data/class/SC_CheckError.php(63)] from ::1
2018/10/17 14:00:19 [/eccube-2.12.6/html/admin/products/product.php] Warning(E_WARNING): array_diff(): Argument #1 is not an array on [/Applications/MAMP/htdocs/eccube-2.12.6/data/class/SC_CheckError.php(63)] from ::1
2018/10/17 14:00:19 [/eccube-2.12.6/html/admin/products/product.php] Warning(E_WARNING): array_diff(): Argument #1 is not an array on [/Applications/MAMP/htdocs/eccube-2.12.6/data/class/SC_CheckError.php(63)] from ::1
2018/10/17 14:00:19 [/eccube-2.12.6/html/admin/products/product.php] Warning(E_WARNING): array_diff(): Argument #1 is not an array on [/Applications/MAMP/htdocs/eccube-2.12.6/data/class/SC_CheckError.php(63)] from ::1
2018/10/17 14:00:19 [/eccube-2.12.6/html/admin/products/product.php] Warning(E_WARNING): array_diff(): Argument #1 is not an array on [/Applications/MAMP/htdocs/eccube-2.12.6/data/class/SC_CheckError.php(63)] from ::1
2018/10/17 14:00:25 [/eccube-2.12.6/html/admin/products/product.php] Warning(E_WARNING): array_diff(): Argument #1 is not an array on [/Applications/MAMP/htdocs/eccube-2.12.6/data/class/SC_CheckError.php(63)] from ::1
2018/10/17 14:00:25 [/eccube-2.12.6/html/admin/products/product.php] Warning(E_WARNING): array_diff(): Argument #1 is not an array on [/Applications/MAMP/htdocs/eccube-2.12.6/data/class/SC_CheckError.php(63)] from ::1
2018/10/17 14:00:25 [/eccube-2.12.6/html/admin/products/product.php] Warning(E_WARNING): array_diff(): Argument #1 is not an array on [/Applications/MAMP/htdocs/eccube-2.12.6/data/class/SC_CheckError.php(63)] from ::1
2018/10/17 14:00:25 [/eccube-2.12.6/html/admin/products/product.php] Warning(E_WARNING): array_diff(): Argument #1 is not an array on [/Applications/MAMP/htdocs/eccube-2.12.6/data/class/SC_CheckError.php(63)] from ::1
2018/10/17 14:00:25 [/eccube-2.12.6/html/admin/products/product.php] Warning(E_WARNING): array_diff(): Argument #1 is not an array on [/Applications/MAMP/htdocs/eccube-2.12.6/data/class/SC_CheckError.php(63)] from ::1
2018/10/17 14:00:25 [/eccube-2.12.6/html/admin/products/product.php] Warning(E_WARNING): array_diff(): Argument #1 is not an array on [/Applications/MAMP/htdocs/eccube-2.12.6/data/class/SC_CheckError.php(63)] from ::1
2018/10/17 14:01:34 [/eccube-2.12.6/html/admin/products/product.php] Warning(E_WARNING): array_diff(): Argument #1 is not an array on [/Applications/MAMP/htdocs/eccube-2.12.6/data/class/SC_CheckError.php(63)] from ::1
2018/10/17 14:01:34 [/eccube-2.12.6/html/admin/products/product.php] Warning(E_WARNING): array_diff(): Argument #1 is not an array on [/Applications/MAMP/htdocs/eccube-2.12.6/data/class/SC_CheckError.php(63)] from ::1
2018/10/17 14:01:34 [/eccube-2.12.6/html/admin/products/product.php] Warning(E_WARNING): array_diff(): Argument #1 is not an array on [/Applications/MAMP/htdocs/eccube-2.12.6/data/class/SC_CheckError.php(63)] from ::1
2018/10/17 14:01:34 [/eccube-2.12.6/html/admin/products/product.php] Warning(E_WARNING): array_diff(): Argument #1 is not an array on [/Applications/MAMP/htdocs/eccube-2.12.6/data/class/SC_CheckError.php(63)] from ::1
2018/10/17 14:01:34 [/eccube-2.12.6/html/admin/products/product.php] Warning(E_WARNING): array_diff(): Argument #1 is not an array on [/Applications/MAMP/htdocs/eccube-2.12.6/data/class/SC_CheckError.php(63)] from ::1
2018/10/17 14:01:34 [/eccube-2.12.6/html/admin/products/product.php] Warning(E_WARNING): array_diff(): Argument #1 is not an array on [/Applications/MAMP/htdocs/eccube-2.12.6/data/class/SC_CheckError.php(63)] from ::1
2018/10/17 14:01:42 [/eccube-2.12.6/html/admin/products/product.php] Warning(E_WARNING): array_diff(): Argument #1 is not an array on [/Applications/MAMP/htdocs/eccube-2.12.6/data/class/SC_CheckError.php(63)] from ::1
2018/10/17 14:01:42 [/eccube-2.12.6/html/admin/products/product.php] Warning(E_WARNING): array_diff(): Argument #1 is not an array on [/Applications/MAMP/htdocs/eccube-2.12.6/data/class/SC_CheckError.php(63)] from ::1
2018/10/17 14:01:42 [/eccube-2.12.6/html/admin/products/product.php] Warning(E_WARNING): array_diff(): Argument #1 is not an array on [/Applications/MAMP/htdocs/eccube-2.12.6/data/class/SC_CheckError.php(63)] from ::1
2018/10/17 14:01:42 [/eccube-2.12.6/html/admin/products/product.php] Warning(E_WARNING): array_diff(): Argument #1 is not an array on [/Applications/MAMP/htdocs/eccube-2.12.6/data/class/SC_CheckError.php(63)] from ::1
2018/10/17 14:01:42 [/eccube-2.12.6/html/admin/products/product.php] Warning(E_WARNING): array_diff(): Argument #1 is not an array on [/Applications/MAMP/htdocs/eccube-2.12.6/data/class/SC_CheckError.php(63)] from ::1
2018/10/17 14:01:42 [/eccube-2.12.6/html/admin/products/product.php] Warning(E_WARNING): array_diff(): Argument #1 is not an array on [/Applications/MAMP/htdocs/eccube-2.12.6/data/class/SC_CheckError.php(63)] from ::1
2018/10/17 14:02:17 [/eccube-2.12.6/html/admin/products/product.php] Warning(E_WARNING): array_diff(): Argument #1 is not an array on [/Applications/MAMP/htdocs/eccube-2.12.6/data/class/SC_CheckError.php(63)] from ::1
2018/10/17 14:02:17 [/eccube-2.12.6/html/admin/products/product.php] Warning(E_WARNING): array_diff(): Argument #1 is not an array on [/Applications/MAMP/htdocs/eccube-2.12.6/data/class/SC_CheckError.php(63)] from ::1
2018/10/17 14:02:17 [/eccube-2.12.6/html/admin/products/product.php] Warning(E_WARNING): array_diff(): Argument #1 is not an array on [/Applications/MAMP/htdocs/eccube-2.12.6/data/class/SC_CheckError.php(63)] from ::1
2018/10/17 14:02:17 [/eccube-2.12.6/html/admin/products/product.php] Warning(E_WARNING): array_diff(): Argument #1 is not an array on [/Applications/MAMP/htdocs/eccube-2.12.6/data/class/SC_CheckError.php(63)] from ::1
2018/10/17 14:02:17 [/eccube-2.12.6/html/admin/products/product.php] Warning(E_WARNING): array_diff(): Argument #1 is not an array on [/Applications/MAMP/htdocs/eccube-2.12.6/data/class/SC_CheckError.php(63)] from ::1
2018/10/17 14:02:17 [/eccube-2.12.6/html/admin/products/product.php] Warning(E_WARNING): array_diff(): Argument #1 is not an array on [/Applications/MAMP/htdocs/eccube-2.12.6/data/class/SC_CheckError.php(63)] from ::1
2018/10/17 14:02:20 [/eccube-2.12.6/html/admin/products/product.php] Warning(E_WARNING): array_diff(): Argument #1 is not an array on [/Applications/MAMP/htdocs/eccube-2.12.6/data/class/SC_CheckError.php(63)] from ::1
2018/10/17 14:02:20 [/eccube-2.12.6/html/admin/products/product.php] Warning(E_WARNING): array_diff(): Argument #1 is not an array on [/Applications/MAMP/htdocs/eccube-2.12.6/data/class/SC_CheckError.php(63)] from ::1
2018/10/17 14:02:20 [/eccube-2.12.6/html/admin/products/product.php] Warning(E_WARNING): array_diff(): Argument #1 is not an array on [/Applications/MAMP/htdocs/eccube-2.12.6/data/class/SC_CheckError.php(63)] from ::1
2018/10/17 14:02:20 [/eccube-2.12.6/html/admin/products/product.php] Warning(E_WARNING): array_diff(): Argument #1 is not an array on [/Applications/MAMP/htdocs/eccube-2.12.6/data/class/SC_CheckError.php(63)] from ::1
2018/10/17 14:02:20 [/eccube-2.12.6/html/admin/products/product.php] Warning(E_WARNING): array_diff(): Argument #1 is not an array on [/Applications/MAMP/htdocs/eccube-2.12.6/data/class/SC_CheckError.php(63)] from ::1
2018/10/17 14:02:20 [/eccube-2.12.6/html/admin/products/product.php] Warning(E_WARNING): array_diff(): Argument #1 is not an array on [/Applications/MAMP/htdocs/eccube-2.12.6/data/class/SC_CheckError.php(63)] from ::1
2018/10/17 14:18:26 [/eccube-2.12.6/html/admin/ownersstore/index.php] Warning(E_WARNING): file_exists() expects parameter 1 to be a valid path, string given on [/Applications/MAMP/htdocs/eccube-2.12.6/data/module/Archive/Tar.php(1609)] from ::1
2018/10/17 14:18:37 [/eccube-2.12.6/html/admin/ownersstore/index.php] Warning(E_WARNING): file_exists() expects parameter 1 to be a valid path, string given on [/Applications/MAMP/htdocs/eccube-2.12.6/data/module/Archive/Tar.php(1609)] from ::1
2018/10/17 14:18:59 [/eccube-2.12.6/html/admin/ownersstore/index.php] Warning(E_WARNING): file_exists() expects parameter 1 to be a valid path, string given on [/Applications/MAMP/htdocs/eccube-2.12.6/data/module/Archive/Tar.php(1609)] from ::1
2018/10/17 14:22:20 [/eccube-2.12.6/html/admin/ownersstore/index.php] Warning(E_WARNING): file_exists() expects parameter 1 to be a valid path, string given on [/Applications/MAMP/htdocs/eccube-2.12.6/data/module/Archive/Tar.php(1609)] from ::1
2018/10/17 14:24:34 [/eccube-2.12.6/html/admin/ownersstore/index.php] Warning(E_WARNING): file_exists() expects parameter 1 to be a valid path, string given on [/Applications/MAMP/htdocs/eccube-2.12.6/data/module/Archive/Tar.php(1609)] from ::1
2018/10/17 14:24:47 [/eccube-2.12.6/html/admin/ownersstore/index.php] Warning(E_WARNING): file_exists() expects parameter 1 to be a valid path, string given on [/Applications/MAMP/htdocs/eccube-2.12.6/data/module/Archive/Tar.php(1609)] from ::1
2018/10/17 14:25:03 [/eccube-2.12.6/html/abouts/index.php] Warning(E_WARNING): Creating default object from empty value on [/Applications/MAMP/htdocs/eccube-2.12.6/data/class/pages/abouts/LC_Page_Abouts.php(70)] from ::1
2018/10/17 14:25:05 [/eccube-2.12.6/html/abouts/index.php] Warning(E_WARNING): Creating default object from empty value on [/Applications/MAMP/htdocs/eccube-2.12.6/data/class/pages/abouts/LC_Page_Abouts.php(70)] from ::1
2018/10/17 14:25:06 [/eccube-2.12.6/html/contact/index.php] Warning(E_WARNING): Illegal string offset 'name01' on [/Applications/MAMP/htdocs/eccube-2.12.6/data/Smarty/templates_c/default/%%6D^6D7^6D765D86%%index.tpl.php(28)] from ::1
2018/10/17 14:25:06 [/eccube-2.12.6/html/contact/index.php] Warning(E_WARNING): Illegal string offset 'name02' on [/Applications/MAMP/htdocs/eccube-2.12.6/data/Smarty/templates_c/default/%%6D^6D7^6D765D86%%index.tpl.php(32)] from ::1
2018/10/17 14:25:06 [/eccube-2.12.6/html/contact/index.php] Warning(E_WARNING): Illegal string offset 'kana01' on [/Applications/MAMP/htdocs/eccube-2.12.6/data/Smarty/templates_c/default/%%6D^6D7^6D765D86%%index.tpl.php(44)] from ::1
2018/10/17 14:25:06 [/eccube-2.12.6/html/contact/index.php] Warning(E_WARNING): Illegal string offset 'kana02' on [/Applications/MAMP/htdocs/eccube-2.12.6/data/Smarty/templates_c/default/%%6D^6D7^6D765D86%%index.tpl.php(48)] from ::1
2018/10/17 14:25:06 [/eccube-2.12.6/html/contact/index.php] Warning(E_WARNING): Illegal string offset 'zip01' on [/Applications/MAMP/htdocs/eccube-2.12.6/data/Smarty/templates_c/default/%%6D^6D7^6D765D86%%index.tpl.php(62)] from ::1
2018/10/17 14:25:06 [/eccube-2.12.6/html/contact/index.php] Warning(E_WARNING): Illegal string offset 'zip02' on [/Applications/MAMP/htdocs/eccube-2.12.6/data/Smarty/templates_c/default/%%6D^6D7^6D765D86%%index.tpl.php(66)] from ::1
2018/10/17 14:25:06 [/eccube-2.12.6/html/contact/index.php] Warning(E_WARNING): Illegal string offset 'pref' on [/Applications/MAMP/htdocs/eccube-2.12.6/data/Smarty/templates_c/default/%%6D^6D7^6D765D86%%index.tpl.php(91)] from ::1
2018/10/17 14:25:06 [/eccube-2.12.6/html/contact/index.php] Warning(E_WARNING): Illegal string offset 'addr01' on [/Applications/MAMP/htdocs/eccube-2.12.6/data/Smarty/templates_c/default/%%6D^6D7^6D765D86%%index.tpl.php(95)] from ::1
2018/10/17 14:25:06 [/eccube-2.12.6/html/contact/index.php] Warning(E_WARNING): Illegal string offset 'addr02' on [/Applications/MAMP/htdocs/eccube-2.12.6/data/Smarty/templates_c/default/%%6D^6D7^6D765D86%%index.tpl.php(103)] from ::1
2018/10/17 14:25:06 [/eccube-2.12.6/html/contact/index.php] Warning(E_WARNING): Illegal string offset 'tel01' on [/Applications/MAMP/htdocs/eccube-2.12.6/data/Smarty/templates_c/default/%%6D^6D7^6D765D86%%index.tpl.php(120)] from ::1
2018/10/17 14:25:06 [/eccube-2.12.6/html/contact/index.php] Warning(E_WARNING): Illegal string offset 'tel02' on [/Applications/MAMP/htdocs/eccube-2.12.6/data/Smarty/templates_c/default/%%6D^6D7^6D765D86%%index.tpl.php(124)] from ::1
2018/10/17 14:25:06 [/eccube-2.12.6/html/contact/index.php] Warning(E_WARNING): Illegal string offset 'tel03' on [/Applications/MAMP/htdocs/eccube-2.12.6/data/Smarty/templates_c/default/%%6D^6D7^6D765D86%%index.tpl.php(128)] from ::1
2018/10/17 14:25:06 [/eccube-2.12.6/html/contact/index.php] Warning(E_WARNING): Illegal string offset 'email' on [/Applications/MAMP/htdocs/eccube-2.12.6/data/Smarty/templates_c/default/%%6D^6D7^6D765D86%%index.tpl.php(140)] from ::1
2018/10/17 14:28:20 [/eccube-2.12.6/html/admin/ownersstore/index.php] Warning(E_WARNING): file_exists() expects parameter 1 to be a valid path, string given on [/Applications/MAMP/htdocs/eccube-2.12.6/data/module/Archive/Tar.php(1609)] from ::1
2018/10/17 14:28:26 [/eccube-2.12.6/html/admin/ownersstore/index.php] Warning(E_WARNING): file_exists() expects parameter 1 to be a valid path, string given on [/Applications/MAMP/htdocs/eccube-2.12.6/data/module/Archive/Tar.php(1609)] from ::1
2018/10/17 14:31:00 [/eccube-2.12.6/html/admin/ownersstore/index.php] Warning(E_WARNING): file_exists() expects parameter 1 to be a valid path, string given on [/Applications/MAMP/htdocs/eccube-2.12.6/data/module/Archive/Tar.php(1609)] from ::1
2018/10/17 14:50:28 [/eccube-2.12.6/html/admin/products/product.php] Warning(E_WARNING): array_diff(): Argument #1 is not an array on [/Applications/MAMP/htdocs/eccube-2.12.6/data/class/SC_CheckError.php(63)] from ::1
2018/10/17 14:50:28 [/eccube-2.12.6/html/admin/products/product.php] Warning(E_WARNING): array_diff(): Argument #1 is not an array on [/Applications/MAMP/htdocs/eccube-2.12.6/data/class/SC_CheckError.php(63)] from ::1
2018/10/17 14:50:28 [/eccube-2.12.6/html/admin/products/product.php] Warning(E_WARNING): array_diff(): Argument #1 is not an array on [/Applications/MAMP/htdocs/eccube-2.12.6/data/class/SC_CheckError.php(63)] from ::1
2018/10/17 14:50:28 [/eccube-2.12.6/html/admin/products/product.php] Warning(E_WARNING): array_diff(): Argument #1 is not an array on [/Applications/MAMP/htdocs/eccube-2.12.6/data/class/SC_CheckError.php(63)] from ::1
2018/10/17 14:50:28 [/eccube-2.12.6/html/admin/products/product.php] Warning(E_WARNING): array_diff(): Argument #1 is not an array on [/Applications/MAMP/htdocs/eccube-2.12.6/data/class/SC_CheckError.php(63)] from ::1
2018/10/17 14:50:28 [/eccube-2.12.6/html/admin/products/product.php] Warning(E_WARNING): array_diff(): Argument #1 is not an array on [/Applications/MAMP/htdocs/eccube-2.12.6/data/class/SC_CheckError.php(63)] from ::1
2018/10/17 14:50:34 [/eccube-2.12.6/html/admin/products/product.php] Warning(E_WARNING): array_diff(): Argument #1 is not an array on [/Applications/MAMP/htdocs/eccube-2.12.6/data/class/SC_CheckError.php(63)] from ::1
2018/10/17 14:50:34 [/eccube-2.12.6/html/admin/products/product.php] Warning(E_WARNING): array_diff(): Argument #1 is not an array on [/Applications/MAMP/htdocs/eccube-2.12.6/data/class/SC_CheckError.php(63)] from ::1
2018/10/17 14:50:34 [/eccube-2.12.6/html/admin/products/product.php] Warning(E_WARNING): array_diff(): Argument #1 is not an array on [/Applications/MAMP/htdocs/eccube-2.12.6/data/class/SC_CheckError.php(63)] from ::1
2018/10/17 14:50:34 [/eccube-2.12.6/html/admin/products/product.php] Warning(E_WARNING): array_diff(): Argument #1 is not an array on [/Applications/MAMP/htdocs/eccube-2.12.6/data/class/SC_CheckError.php(63)] from ::1
2018/10/17 14:50:34 [/eccube-2.12.6/html/admin/products/product.php] Warning(E_WARNING): array_diff(): Argument #1 is not an array on [/Applications/MAMP/htdocs/eccube-2.12.6/data/class/SC_CheckError.php(63)] from ::1
2018/10/17 14:50:34 [/eccube-2.12.6/html/admin/products/product.php] Warning(E_WARNING): array_diff(): Argument #1 is not an array on [/Applications/MAMP/htdocs/eccube-2.12.6/data/class/SC_CheckError.php(63)] from ::1
2018/10/17 14:50:41 [/eccube-2.12.6/html/admin/products/product.php] Warning(E_WARNING): array_diff(): Argument #1 is not an array on [/Applications/MAMP/htdocs/eccube-2.12.6/data/class/SC_CheckError.php(63)] from ::1
2018/10/17 14:50:41 [/eccube-2.12.6/html/admin/products/product.php] Warning(E_WARNING): array_diff(): Argument #1 is not an array on [/Applications/MAMP/htdocs/eccube-2.12.6/data/class/SC_CheckError.php(63)] from ::1
2018/10/17 14:50:41 [/eccube-2.12.6/html/admin/products/product.php] Warning(E_WARNING): array_diff(): Argument #1 is not an array on [/Applications/MAMP/htdocs/eccube-2.12.6/data/class/SC_CheckError.php(63)] from ::1
2018/10/17 14:50:41 [/eccube-2.12.6/html/admin/products/product.php] Warning(E_WARNING): array_diff(): Argument #1 is not an array on [/Applications/MAMP/htdocs/eccube-2.12.6/data/class/SC_CheckError.php(63)] from ::1
2018/10/17 14:50:41 [/eccube-2.12.6/html/admin/products/product.php] Warning(E_WARNING): array_diff(): Argument #1 is not an array on [/Applications/MAMP/htdocs/eccube-2.12.6/data/class/SC_CheckError.php(63)] from ::1
2018/10/17 14:50:41 [/eccube-2.12.6/html/admin/products/product.php] Warning(E_WARNING): array_diff(): Argument #1 is not an array on [/Applications/MAMP/htdocs/eccube-2.12.6/data/class/SC_CheckError.php(63)] from ::1
2018/10/17 14:52:55 [/eccube-2.12.6/html/admin/products/review.php] Warning(E_WARNING): Illegal string offset 'value' on [/Applications/MAMP/htdocs/eccube-2.12.6/data/Smarty/templates_c/admin/%%34^344^344B2CC6%%review.tpl.php(43)] from ::1
